# JRE version: Java(TM) SE Runtime Environment (8.0_144-b01) (build 1.8.0_144-b01)
# Java VM: Java HotSpot(TM) 64-Bit Server VM (25.144-b01 mixed mode bsd-amd64 compressed oops)
Heap:
 PSYoungGen      total 110080K, used 8852K [0x0000000795580000, 0x000000079d680000, 0x00000007c0000000)
  eden space 97280K, 4% used [0x0000000795580000,0x0000000795951c80,0x000000079b480000)
  from space 12800K, 38% used [0x000000079c080000,0x000000079c553450,0x000000079cd00000)
  to   space 12288K, 0% used [0x000000079b480000,0x000000079b480000,0x000000079c080000)
 ParOldGen       total 52224K, used 16599K [0x0000000740000000, 0x0000000743300000, 0x0000000795580000)
  object space 52224K, 31% used [0x0000000740000000,0x0000000741035eb8,0x0000000743300000)
 Metaspace       used 24958K, capacity 25395K, committed 25776K, reserved 1073152K
  class space    used 2496K, capacity 2628K, committed 2736K, reserved 1048576K
GC Heap History (10 events):
Event: 4.058 GC heap before
{Heap before GC invocations=3 (full 0):
 PSYoungGen      total 38400K, used 8211K [0x0000000795580000, 0x0000000798000000, 0x00000007c0000000)
  eden space 33280K, 9% used [0x0000000795580000,0x00000007958884d0,0x0000000797600000)
  from space 5120K, 99% used [0x0000000797b00000,0x0000000797ffc790,0x0000000798000000)
  to   space 5120K, 0% used [0x0000000797600000,0x0000000797600000,0x0000000797b00000)
 ParOldGen       total 87552K, used 2942K [0x0000000740000000, 0x0000000745580000, 0x0000000795580000)
  object space 87552K, 3% used [0x0000000740000000,0x00000007402df918,0x0000000745580000)
 Metaspace       used 20832K, capacity 21259K, committed 21296K, reserved 1069056K
  class space    used 2171K, capacity 2326K, committed 2352K, reserved 1048576K
Event: 4.070 GC heap after
Heap after GC invocations=3 (full 0):
 PSYoungGen      total 38400K, used 5088K [0x0000000795580000, 0x000000079a080000, 0x00000007c0000000)
  eden space 33280K, 0% used [0x0000000795580000,0x0000000795580000,0x0000000797600000)
  from space 5120K, 99% used [0x0000000797600000,0x0000000797af82a0,0x0000000797b00000)
  to   space 5120K, 0% used [0x0000000799b80000,0x0000000799b80000,0x000000079a080000)
 ParOldGen       total 87552K, used 3542K [0x0000000740000000, 0x0000000745580000, 0x0000000795580000)
  object space 87552K, 4% used [0x0000000740000000,0x0000000740375830,0x0000000745580000)
 Metaspace       used 20832K, capacity 21259K, committed 21296K, reserved 1069056K
  class space    used 2171K, capacity 2326K, committed 2352K, reserved 1048576K
}
Event: 4.070 GC heap before
{Heap before GC invocations=4 (full 1):
 PSYoungGen      total 38400K, used 5088K [0x0000000795580000, 0x000000079a080000, 0x00000007c0000000)
  eden space 33280K, 0% used [0x0000000795580000,0x0000000795580000,0x0000000797600000)
  from space 5120K, 99% used [0x0000000797600000,0x0000000797af82a0,0x0000000797b00000)
  to   space 5120K, 0% used [0x0000000799b80000,0x0000000799b80000,0x000000079a080000)
 ParOldGen       total 87552K, used 3542K [0x0000000740000000, 0x0000000745580000, 0x0000000795580000)
  object space 87552K, 4% used [0x0000000740000000,0x0000000740375830,0x0000000745580000)
 Metaspace       used 20832K, capacity 21259K, committed 21296K, reserved 1069056K
  class space    used 2171K, capacity 2326K, committed 2352K, reserved 1048576K
Event: 4.103 GC heap after
Heap after GC invocations=4 (full 1):
 PSYoungGen      total 38400K, used 0K [0x0000000795580000, 0x000000079a080000, 0x00000007c0000000)
  eden space 33280K, 0% used [0x0000000795580000,0x0000000795580000,0x0000000797600000)
  from space 5120K, 0% used [0x0000000797600000,0x0000000797600000,0x0000000797b00000)
  to   space 5120K, 0% used [0x0000000799b80000,0x0000000799b80000,0x000000079a080000)
 ParOldGen       total 52224K, used 7385K [0x0000000740000000, 0x0000000743300000, 0x0000000795580000)
  object space 52224K, 14% used [0x0000000740000000,0x00000007407367e0,0x0000000743300000)
 Metaspace       used 20832K, capacity 21259K, committed 21296K, reserved 1069056K
  class space    used 2171K, capacity 2326K, committed 2352K, reserved 1048576K
}
Event: 5.080 GC heap before
{Heap before GC invocations=5 (full 1):
 PSYoungGen      total 38400K, used 33280K [0x0000000795580000, 0x000000079a080000, 0x00000007c0000000)
  eden space 33280K, 100% used [0x0000000795580000,0x0000000797600000,0x0000000797600000)
  from space 5120K, 0% used [0x0000000797600000,0x0000000797600000,0x0000000797b00000)
  to   space 5120K, 0% used [0x0000000799b80000,0x0000000799b80000,0x000000079a080000)
 ParOldGen       total 52224K, used 7385K [0x0000000740000000, 0x0000000743300000, 0x0000000795580000)
  object space 52224K, 14% used [0x0000000740000000,0x00000007407367e0,0x0000000743300000)
 Metaspace       used 23886K, capacity 24257K, committed 24368K, reserved 1071104K
  class space    used 2453K, capacity 2593K, committed 2608K, reserved 1048576K
Event: 5.091 GC heap after
Heap after GC invocations=5 (full 1):
 PSYoungGen      total 62976K, used 5117K [0x0000000795580000, 0x000000079a080000, 0x00000007c0000000)
  eden space 57856K, 0% used [0x0000000795580000,0x0000000795580000,0x0000000798e00000)
  from space 5120K, 99% used [0x0000000799b80000,0x000000079a07f490,0x000000079a080000)
  to   space 5120K, 0% used [0x0000000799680000,0x0000000799680000,0x0000000799b80000)
 ParOldGen       total 52224K, used 14535K [0x0000000740000000, 0x0000000743300000, 0x0000000795580000)
  object space 52224K, 27% used [0x0000000740000000,0x0000000740e31e38,0x0000000743300000)
 Metaspace       used 23886K, capacity 24257K, committed 24368K, reserved 1071104K
  class space    used 2453K, capacity 2593K, committed 2608K, reserved 1048576K
}
Event: 9.657 GC heap before
{Heap before GC invocations=6 (full 1):
 PSYoungGen      total 62976K, used 62973K [0x0000000795580000, 0x000000079a080000, 0x00000007c0000000)
  eden space 57856K, 100% used [0x0000000795580000,0x0000000798e00000,0x0000000798e00000)
  from space 5120K, 99% used [0x0000000799b80000,0x000000079a07f490,0x000000079a080000)
  to   space 5120K, 0% used [0x0000000799680000,0x0000000799680000,0x0000000799b80000)
 ParOldGen       total 52224K, used 14535K [0x0000000740000000, 0x0000000743300000, 0x0000000795580000)
  object space 52224K, 27% used [0x0000000740000000,0x0000000740e31e38,0x0000000743300000)
 Metaspace       used 24687K, capacity 25075K, committed 25264K, reserved 1071104K
  class space    used 2488K, capacity 2628K, committed 2736K, reserved 1048576K
Event: 9.663 GC heap after
Heap after GC invocations=6 (full 1):
 PSYoungGen      total 71680K, used 5085K [0x0000000795580000, 0x000000079cd00000, 0x00000007c0000000)
  eden space 66560K, 0% used [0x0000000795580000,0x0000000795580000,0x0000000799680000)
  from space 5120K, 99% used [0x0000000799680000,0x0000000799b77480,0x0000000799b80000)
  to   space 12800K, 0% used [0x000000079c080000,0x000000079c080000,0x000000079cd00000)
 ParOldGen       total 52224K, used 16591K [0x0000000740000000, 0x0000000743300000, 0x0000000795580000)
  object space 52224K, 31% used [0x0000000740000000,0x0000000741033eb8,0x0000000743300000)
 Metaspace       used 24687K, capacity 25075K, committed 25264K, reserved 1071104K
  class space    used 2488K, capacity 2628K, committed 2736K, reserved 1048576K
}
Event: 16.803 GC heap before
{Heap before GC invocations=7 (full 1):
 PSYoungGen      total 71680K, used 71645K [0x0000000795580000, 0x000000079cd00000, 0x00000007c0000000)
  eden space 66560K, 100% used [0x0000000795580000,0x0000000799680000,0x0000000799680000)
  from space 5120K, 99% used [0x0000000799680000,0x0000000799b77480,0x0000000799b80000)
  to   space 12800K, 0% used [0x000000079c080000,0x000000079c080000,0x000000079cd00000)
 ParOldGen       total 52224K, used 16591K [0x0000000740000000, 0x0000000743300000, 0x0000000795580000)
  object space 52224K, 31% used [0x0000000740000000,0x0000000741033eb8,0x0000000743300000)
 Metaspace       used 24926K, capacity 25331K, committed 25520K, reserved 1073152K
  class space    used 2488K, capacity 2628K, committed 2736K, reserved 1048576K
Event: 16.807 GC heap after
Heap after GC invocations=7 (full 1):
 PSYoungGen      total 110080K, used 4941K [0x0000000795580000, 0x000000079d680000, 0x00000007c0000000)
  eden space 97280K, 0% used [0x0000000795580000,0x0000000795580000,0x000000079b480000)
  from space 12800K, 38% used [0x000000079c080000,0x000000079c553450,0x000000079cd00000)
  to   space 12288K, 0% used [0x000000079b480000,0x000000079b480000,0x000000079c080000)
 ParOldGen       total 52224K, used 16599K [0x0000000740000000, 0x0000000743300000, 0x0000000795580000)
  object space 52224K, 31% used [0x0000000740000000,0x0000000741035eb8,0x0000000743300000)
 Metaspace       used 24926K, capacity 25331K, committed 25520K, reserved 1073152K
  class space    used 2488K, capacity 2628K, committed 2736K, reserved 1048576K
}

