# JRE version: Java(TM) SE Runtime Environment (8.0_144-b01) (build 1.8.0_144-b01)
# Java VM: Java HotSpot(TM) 64-Bit Server VM (25.144-b01 mixed mode bsd-amd64 compressed oops)
Heap:
 PSYoungGen      total 56320K, used 35644K [0x0000000795580000, 0x0000000799d00000, 0x00000007c0000000)
  eden space 42496K, 83% used [0x0000000795580000,0x00000007978272b0,0x0000000797f00000)
  from space 13824K, 1% used [0x0000000798f80000,0x0000000798fa8000,0x0000000799d00000)
  to   space 15360K, 0% used [0x0000000797f00000,0x0000000797f00000,0x0000000798e00000)
 ParOldGen       total 75776K, used 15672K [0x0000000740000000, 0x0000000744a00000, 0x0000000795580000)
  object space 75776K, 20% used [0x0000000740000000,0x0000000740f4e010,0x0000000744a00000)
 Metaspace       used 21651K, capacity 21987K, committed 22272K, reserved 1069056K
  class space    used 2154K, capacity 2252K, committed 2304K, reserved 1048576K
GC Heap History (10 events):
Event: 5.123 GC heap before
{Heap before GC invocations=3 (full 0):
 PSYoungGen      total 38400K, used 29329K [0x0000000795580000, 0x0000000798000000, 0x00000007c0000000)
  eden space 33280K, 72% used [0x0000000795580000,0x0000000796d24fd0,0x0000000797600000)
  from space 5120K, 99% used [0x0000000797b00000,0x0000000797fff470,0x0000000798000000)
  to   space 5120K, 0% used [0x0000000797600000,0x0000000797600000,0x0000000797b00000)
 ParOldGen       total 87552K, used 7495K [0x0000000740000000, 0x0000000745580000, 0x0000000795580000)
  object space 87552K, 8% used [0x0000000740000000,0x0000000740751f88,0x0000000745580000)
 Metaspace       used 20755K, capacity 21119K, committed 21248K, reserved 1069056K
  class space    used 2105K, capacity 2220K, committed 2304K, reserved 1048576K
Event: 5.131 GC heap after
Heap after GC invocations=3 (full 0):
 PSYoungGen      total 38400K, used 5101K [0x0000000795580000, 0x0000000798000000, 0x00000007c0000000)
  eden space 33280K, 0% used [0x0000000795580000,0x0000000795580000,0x0000000797600000)
  from space 5120K, 99% used [0x0000000797600000,0x0000000797afb490,0x0000000797b00000)
  to   space 5120K, 0% used [0x0000000797b00000,0x0000000797b00000,0x0000000798000000)
 ParOldGen       total 87552K, used 11955K [0x0000000740000000, 0x0000000745580000, 0x0000000795580000)
  object space 87552K, 13% used [0x0000000740000000,0x0000000740bace88,0x0000000745580000)
 Metaspace       used 20755K, capacity 21119K, committed 21248K, reserved 1069056K
  class space    used 2105K, capacity 2220K, committed 2304K, reserved 1048576K
}
Event: 5.131 GC heap before
{Heap before GC invocations=4 (full 1):
 PSYoungGen      total 38400K, used 5101K [0x0000000795580000, 0x0000000798000000, 0x00000007c0000000)
  eden space 33280K, 0% used [0x0000000795580000,0x0000000795580000,0x0000000797600000)
  from space 5120K, 99% used [0x0000000797600000,0x0000000797afb490,0x0000000797b00000)
  to   space 5120K, 0% used [0x0000000797b00000,0x0000000797b00000,0x0000000798000000)
 ParOldGen       total 87552K, used 11955K [0x0000000740000000, 0x0000000745580000, 0x0000000795580000)
  object space 87552K, 13% used [0x0000000740000000,0x0000000740bace88,0x0000000745580000)
 Metaspace       used 20755K, capacity 21119K, committed 21248K, reserved 1069056K
  class space    used 2105K, capacity 2220K, committed 2304K, reserved 1048576K
Event: 5.184 GC heap after
Heap after GC invocations=4 (full 1):
 PSYoungGen      total 38400K, used 0K [0x0000000795580000, 0x0000000798000000, 0x00000007c0000000)
  eden space 33280K, 0% used [0x0000000795580000,0x0000000795580000,0x0000000797600000)
  from space 5120K, 0% used [0x0000000797600000,0x0000000797600000,0x0000000797b00000)
  to   space 5120K, 0% used [0x0000000797b00000,0x0000000797b00000,0x0000000798000000)
 ParOldGen       total 75776K, used 15648K [0x0000000740000000, 0x0000000744a00000, 0x0000000795580000)
  object space 75776K, 20% used [0x0000000740000000,0x0000000740f48010,0x0000000744a00000)
 Metaspace       used 20751K, capacity 21111K, committed 21248K, reserved 1069056K
  class space    used 2104K, capacity 2218K, committed 2304K, reserved 1048576K
}
Event: 11.641 GC heap before
{Heap before GC invocations=5 (full 1):
 PSYoungGen      total 38400K, used 33280K [0x0000000795580000, 0x0000000798000000, 0x00000007c0000000)
  eden space 33280K, 100% used [0x0000000795580000,0x0000000797600000,0x0000000797600000)
  from space 5120K, 0% used [0x0000000797600000,0x0000000797600000,0x0000000797b00000)
  to   space 5120K, 0% used [0x0000000797b00000,0x0000000797b00000,0x0000000798000000)
 ParOldGen       total 75776K, used 15648K [0x0000000740000000, 0x0000000744a00000, 0x0000000795580000)
  object space 75776K, 20% used [0x0000000740000000,0x0000000740f48010,0x0000000744a00000)
 Metaspace       used 21233K, capacity 21565K, committed 21760K, reserved 1069056K
  class space    used 2107K, capacity 2219K, committed 2304K, reserved 1048576K
Event: 11.643 GC heap after
Heap after GC invocations=5 (full 1):
 PSYoungGen      total 38400K, used 128K [0x0000000795580000, 0x0000000798c80000, 0x00000007c0000000)
  eden space 33280K, 0% used [0x0000000795580000,0x0000000795580000,0x0000000797600000)
  from space 5120K, 2% used [0x0000000797b00000,0x0000000797b20000,0x0000000798000000)
  to   space 5120K, 0% used [0x0000000797600000,0x0000000797600000,0x0000000797b00000)
 ParOldGen       total 75776K, used 15656K [0x0000000740000000, 0x0000000744a00000, 0x0000000795580000)
  object space 75776K, 20% used [0x0000000740000000,0x0000000740f4a010,0x0000000744a00000)
 Metaspace       used 21233K, capacity 21565K, committed 21760K, reserved 1069056K
  class space    used 2107K, capacity 2219K, committed 2304K, reserved 1048576K
}
Event: 18.360 GC heap before
{Heap before GC invocations=6 (full 1):
 PSYoungGen      total 38400K, used 33408K [0x0000000795580000, 0x0000000798c80000, 0x00000007c0000000)
  eden space 33280K, 100% used [0x0000000795580000,0x0000000797600000,0x0000000797600000)
  from space 5120K, 2% used [0x0000000797b00000,0x0000000797b20000,0x0000000798000000)
  to   space 5120K, 0% used [0x0000000797600000,0x0000000797600000,0x0000000797b00000)
 ParOldGen       total 75776K, used 15656K [0x0000000740000000, 0x0000000744a00000, 0x0000000795580000)
  object space 75776K, 20% used [0x0000000740000000,0x0000000740f4a010,0x0000000744a00000)
 Metaspace       used 21498K, capacity 21859K, committed 22016K, reserved 1069056K
  class space    used 2145K, capacity 2252K, committed 2304K, reserved 1048576K
Event: 18.361 GC heap after
Heap after GC invocations=6 (full 1):
 PSYoungGen      total 38400K, used 160K [0x0000000795580000, 0x0000000799e80000, 0x00000007c0000000)
  eden space 33280K, 0% used [0x0000000795580000,0x0000000795580000,0x0000000797600000)
  from space 5120K, 3% used [0x0000000797600000,0x0000000797628000,0x0000000797b00000)
  to   space 15360K, 0% used [0x0000000798f80000,0x0000000798f80000,0x0000000799e80000)
 ParOldGen       total 75776K, used 15664K [0x0000000740000000, 0x0000000744a00000, 0x0000000795580000)
  object space 75776K, 20% used [0x0000000740000000,0x0000000740f4c010,0x0000000744a00000)
 Metaspace       used 21498K, capacity 21859K, committed 22016K, reserved 1069056K
  class space    used 2145K, capacity 2252K, committed 2304K, reserved 1048576K
}
Event: 25.149 GC heap before
{Heap before GC invocations=7 (full 1):
 PSYoungGen      total 38400K, used 33440K [0x0000000795580000, 0x0000000799e80000, 0x00000007c0000000)
  eden space 33280K, 100% used [0x0000000795580000,0x0000000797600000,0x0000000797600000)
  from space 5120K, 3% used [0x0000000797600000,0x0000000797628000,0x0000000797b00000)
  to   space 15360K, 0% used [0x0000000798f80000,0x0000000798f80000,0x0000000799e80000)
 ParOldGen       total 75776K, used 15664K [0x0000000740000000, 0x0000000744a00000, 0x0000000795580000)
  object space 75776K, 20% used [0x0000000740000000,0x0000000740f4c010,0x0000000744a00000)
 Metaspace       used 21511K, capacity 21859K, committed 22016K, reserved 1069056K
  class space    used 2146K, capacity 2252K, committed 2304K, reserved 1048576K
Event: 25.150 GC heap after
Heap after GC invocations=7 (full 1):
 PSYoungGen      total 56320K, used 160K [0x0000000795580000, 0x0000000799d00000, 0x00000007c0000000)
  eden space 42496K, 0% used [0x0000000795580000,0x0000000795580000,0x0000000797f00000)
  from space 13824K, 1% used [0x0000000798f80000,0x0000000798fa8000,0x0000000799d00000)
  to   space 15360K, 0% used [0x0000000797f00000,0x0000000797f00000,0x0000000798e00000)
 ParOldGen       total 75776K, used 15672K [0x0000000740000000, 0x0000000744a00000, 0x0000000795580000)
  object space 75776K, 20% used [0x0000000740000000,0x0000000740f4e010,0x0000000744a00000)
 Metaspace       used 21511K, capacity 21859K, committed 22016K, reserved 1069056K
  class space    used 2146K, capacity 2252K, committed 2304K, reserved 1048576K
}

