# JRE version: Java(TM) SE Runtime Environment (8.0_144-b01) (build 1.8.0_144-b01)
# Java VM: Java HotSpot(TM) 64-Bit Server VM (25.144-b01 mixed mode bsd-amd64 compressed oops)
Heap:
 PSYoungGen      total 170496K, used 65021K [0x0000000795580000, 0x00000007a3b80000, 0x00000007c0000000)
  eden space 156672K, 32% used [0x0000000795580000,0x0000000798787248,0x000000079ee80000)
  from space 13824K, 99% used [0x000000079ee80000,0x000000079fbf8350,0x000000079fc00000)
  to   space 15360K, 0% used [0x00000007a2c80000,0x00000007a2c80000,0x00000007a3b80000)
 ParOldGen       total 130048K, used 55329K [0x0000000740000000, 0x0000000747f00000, 0x0000000795580000)
  object space 130048K, 42% used [0x0000000740000000,0x0000000743608438,0x0000000747f00000)
 Metaspace       used 25174K, capacity 25579K, committed 25728K, reserved 1073152K
  class space    used 2489K, capacity 2624K, committed 2688K, reserved 1048576K
GC Heap History (10 events):
Event: 37.793 GC heap before
{Heap before GC invocations=9 (full 1):
 PSYoungGen      total 101376K, used 94504K [0x0000000795580000, 0x000000079ed00000, 0x00000007c0000000)
  eden space 89600K, 100% used [0x0000000795580000,0x000000079ad00000,0x000000079ad00000)
  from space 11776K, 41% used [0x000000079ad00000,0x000000079b1ca1c0,0x000000079b880000)
  to   space 11776K, 0% used [0x000000079e180000,0x000000079e180000,0x000000079ed00000)
 ParOldGen       total 54272K, used 16206K [0x0000000740000000, 0x0000000743500000, 0x0000000795580000)
  object space 54272K, 29% used [0x0000000740000000,0x0000000740fd3940,0x0000000743500000)
 Metaspace       used 24781K, capacity 25227K, committed 25472K, reserved 1073152K
  class space    used 2480K, capacity 2592K, committed 2688K, reserved 1048576K
Event: 37.801 GC heap after
Heap after GC invocations=9 (full 1):
 PSYoungGen      total 132096K, used 6120K [0x0000000795580000, 0x000000079e780000, 0x00000007c0000000)
  eden space 125952K, 0% used [0x0000000795580000,0x0000000795580000,0x000000079d080000)
  from space 6144K, 99% used [0x000000079e180000,0x000000079e77a220,0x000000079e780000)
  to   space 11264K, 0% used [0x000000079d180000,0x000000079d180000,0x000000079dc80000)
 ParOldGen       total 54272K, used 16214K [0x0000000740000000, 0x0000000743500000, 0x0000000795580000)
  object space 54272K, 29% used [0x0000000740000000,0x0000000740fd5940,0x0000000743500000)
 Metaspace       used 24781K, capacity 25227K, committed 25472K, reserved 1073152K
  class space    used 2480K, capacity 2592K, committed 2688K, reserved 1048576K
}
Event: 39.526 GC heap before
{Heap before GC invocations=10 (full 1):
 PSYoungGen      total 132096K, used 132072K [0x0000000795580000, 0x000000079e780000, 0x00000007c0000000)
  eden space 125952K, 100% used [0x0000000795580000,0x000000079d080000,0x000000079d080000)
  from space 6144K, 99% used [0x000000079e180000,0x000000079e77a220,0x000000079e780000)
  to   space 11264K, 0% used [0x000000079d180000,0x000000079d180000,0x000000079dc80000)
 ParOldGen       total 54272K, used 16214K [0x0000000740000000, 0x0000000743500000, 0x0000000795580000)
  object space 54272K, 29% used [0x0000000740000000,0x0000000740fd5940,0x0000000743500000)
 Metaspace       used 24869K, capacity 25291K, committed 25472K, reserved 1073152K
  class space    used 2480K, capacity 2592K, committed 2688K, reserved 1048576K
Event: 39.542 GC heap after
Heap after GC invocations=10 (full 1):
 PSYoungGen      total 138240K, used 11048K [0x0000000795580000, 0x00000007a0800000, 0x00000007c0000000)
  eden space 126976K, 0% used [0x0000000795580000,0x0000000795580000,0x000000079d180000)
  from space 11264K, 98% used [0x000000079d180000,0x000000079dc4a340,0x000000079dc80000)
  to   space 12288K, 0% used [0x000000079fc00000,0x000000079fc00000,0x00000007a0800000)
 ParOldGen       total 54272K, used 29023K [0x0000000740000000, 0x0000000743500000, 0x0000000795580000)
  object space 54272K, 53% used [0x0000000740000000,0x0000000741c57c60,0x0000000743500000)
 Metaspace       used 24869K, capacity 25291K, committed 25472K, reserved 1073152K
  class space    used 2480K, capacity 2592K, committed 2688K, reserved 1048576K
}
Event: 41.260 GC heap before
{Heap before GC invocations=11 (full 1):
 PSYoungGen      total 138240K, used 138024K [0x0000000795580000, 0x00000007a0800000, 0x00000007c0000000)
  eden space 126976K, 100% used [0x0000000795580000,0x000000079d180000,0x000000079d180000)
  from space 11264K, 98% used [0x000000079d180000,0x000000079dc4a340,0x000000079dc80000)
  to   space 12288K, 0% used [0x000000079fc00000,0x000000079fc00000,0x00000007a0800000)
 ParOldGen       total 54272K, used 29023K [0x0000000740000000, 0x0000000743500000, 0x0000000795580000)
  object space 54272K, 53% used [0x0000000740000000,0x0000000741c57c60,0x0000000743500000)
 Metaspace       used 25036K, capacity 25483K, committed 25728K, reserved 1073152K
  class space    used 2480K, capacity 2592K, committed 2688K, reserved 1048576K
Event: 41.278 GC heap after
Heap after GC invocations=11 (full 1):
 PSYoungGen      total 168960K, used 12184K [0x0000000795580000, 0x00000007a0e00000, 0x00000007c0000000)
  eden space 156672K, 0% used [0x0000000795580000,0x0000000795580000,0x000000079ee80000)
  from space 12288K, 99% used [0x000000079fc00000,0x00000007a07e63b0,0x00000007a0800000)
  to   space 13824K, 0% used [0x000000079ee80000,0x000000079ee80000,0x000000079fc00000)
 ParOldGen       total 54272K, used 43880K [0x0000000740000000, 0x0000000743500000, 0x0000000795580000)
  object space 54272K, 80% used [0x0000000740000000,0x0000000742ada000,0x0000000743500000)
 Metaspace       used 25036K, capacity 25483K, committed 25728K, reserved 1073152K
  class space    used 2480K, capacity 2592K, committed 2688K, reserved 1048576K
}
Event: 41.278 GC heap before
{Heap before GC invocations=12 (full 2):
 PSYoungGen      total 168960K, used 12184K [0x0000000795580000, 0x00000007a0e00000, 0x00000007c0000000)
  eden space 156672K, 0% used [0x0000000795580000,0x0000000795580000,0x000000079ee80000)
  from space 12288K, 99% used [0x000000079fc00000,0x00000007a07e63b0,0x00000007a0800000)
  to   space 13824K, 0% used [0x000000079ee80000,0x000000079ee80000,0x000000079fc00000)
 ParOldGen       total 54272K, used 43880K [0x0000000740000000, 0x0000000743500000, 0x0000000795580000)
  object space 54272K, 80% used [0x0000000740000000,0x0000000742ada000,0x0000000743500000)
 Metaspace       used 25036K, capacity 25483K, committed 25728K, reserved 1073152K
  class space    used 2480K, capacity 2592K, committed 2688K, reserved 1048576K
Event: 41.372 GC heap after
Heap after GC invocations=12 (full 2):
 PSYoungGen      total 168960K, used 0K [0x0000000795580000, 0x00000007a0e00000, 0x00000007c0000000)
  eden space 156672K, 0% used [0x0000000795580000,0x0000000795580000,0x000000079ee80000)
  from space 12288K, 0% used [0x000000079fc00000,0x000000079fc00000,0x00000007a0800000)
  to   space 13824K, 0% used [0x000000079ee80000,0x000000079ee80000,0x000000079fc00000)
 ParOldGen       total 130048K, used 53272K [0x0000000740000000, 0x0000000747f00000, 0x0000000795580000)
  object space 130048K, 40% used [0x0000000740000000,0x00000007434063b8,0x0000000747f00000)
 Metaspace       used 25036K, capacity 25483K, committed 25728K, reserved 1073152K
  class space    used 2480K, capacity 2592K, committed 2688K, reserved 1048576K
}
Event: 48.197 GC heap before
{Heap before GC invocations=13 (full 2):
 PSYoungGen      total 168960K, used 156672K [0x0000000795580000, 0x00000007a0e00000, 0x00000007c0000000)
  eden space 156672K, 100% used [0x0000000795580000,0x000000079ee80000,0x000000079ee80000)
  from space 12288K, 0% used [0x000000079fc00000,0x000000079fc00000,0x00000007a0800000)
  to   space 13824K, 0% used [0x000000079ee80000,0x000000079ee80000,0x000000079fc00000)
 ParOldGen       total 130048K, used 53272K [0x0000000740000000, 0x0000000747f00000, 0x0000000795580000)
  object space 130048K, 40% used [0x0000000740000000,0x00000007434063b8,0x0000000747f00000)
 Metaspace       used 25137K, capacity 25547K, committed 25728K, reserved 1073152K
  class space    used 2480K, capacity 2592K, committed 2688K, reserved 1048576K
Event: 48.209 GC heap after
Heap after GC invocations=13 (full 2):
 PSYoungGen      total 170496K, used 13792K [0x0000000795580000, 0x00000007a3b80000, 0x00000007c0000000)
  eden space 156672K, 0% used [0x0000000795580000,0x0000000795580000,0x000000079ee80000)
  from space 13824K, 99% used [0x000000079ee80000,0x000000079fbf8350,0x000000079fc00000)
  to   space 15360K, 0% used [0x00000007a2c80000,0x00000007a2c80000,0x00000007a3b80000)
 ParOldGen       total 130048K, used 55329K [0x0000000740000000, 0x0000000747f00000, 0x0000000795580000)
  object space 130048K, 42% used [0x0000000740000000,0x0000000743608438,0x0000000747f00000)
 Metaspace       used 25137K, capacity 25547K, committed 25728K, reserved 1073152K
  class space    used 2480K, capacity 2592K, committed 2688K, reserved 1048576K
}

