# JRE version: Java(TM) SE Runtime Environment (8.0_144-b01) (build 1.8.0_144-b01)
# Java VM: Java HotSpot(TM) 64-Bit Server VM (25.144-b01 mixed mode bsd-amd64 compressed oops)
Heap:
 PSYoungGen      total 104960K, used 77111K [0x0000000795580000, 0x000000079fe80000, 0x00000007c0000000)
  eden space 90112K, 69% used [0x0000000795580000,0x00000007992760a8,0x000000079ad80000)
  from space 14848K, 98% used [0x000000079ad80000,0x000000079bbd7bb0,0x000000079bc00000)
  to   space 16896K, 0% used [0x000000079ee00000,0x000000079ee00000,0x000000079fe80000)
 ParOldGen       total 53248K, used 27771K [0x0000000740000000, 0x0000000743400000, 0x0000000795580000)
  object space 53248K, 52% used [0x0000000740000000,0x0000000741b1ec98,0x0000000743400000)
 Metaspace       used 25108K, capacity 25501K, committed 25728K, reserved 1073152K
  class space    used 2494K, capacity 2623K, committed 2688K, reserved 1048576K
GC Heap History (10 events):
Event: 4.483 GC heap before
{Heap before GC invocations=4 (full 1):
 PSYoungGen      total 38400K, used 5088K [0x0000000795580000, 0x000000079a080000, 0x00000007c0000000)
  eden space 33280K, 0% used [0x0000000795580000,0x0000000795580000,0x0000000797600000)
  from space 5120K, 99% used [0x0000000797600000,0x0000000797af8280,0x0000000797b00000)
  to   space 5120K, 0% used [0x0000000799b80000,0x0000000799b80000,0x000000079a080000)
 ParOldGen       total 87552K, used 3460K [0x0000000740000000, 0x0000000745580000, 0x0000000795580000)
  object space 87552K, 3% used [0x0000000740000000,0x00000007403613c0,0x0000000745580000)
 Metaspace       used 20823K, capacity 21217K, committed 21248K, reserved 1069056K
  class space    used 2168K, capacity 2293K, committed 2304K, reserved 1048576K
Event: 4.522 GC heap after
Heap after GC invocations=4 (full 1):
 PSYoungGen      total 38400K, used 0K [0x0000000795580000, 0x000000079a080000, 0x00000007c0000000)
  eden space 33280K, 0% used [0x0000000795580000,0x0000000795580000,0x0000000797600000)
  from space 5120K, 0% used [0x0000000797600000,0x0000000797600000,0x0000000797b00000)
  to   space 5120K, 0% used [0x0000000799b80000,0x0000000799b80000,0x000000079a080000)
 ParOldGen       total 53248K, used 7380K [0x0000000740000000, 0x0000000743400000, 0x0000000795580000)
  object space 53248K, 13% used [0x0000000740000000,0x0000000740735170,0x0000000743400000)
 Metaspace       used 20823K, capacity 21217K, committed 21248K, reserved 1069056K
  class space    used 2168K, capacity 2293K, committed 2304K, reserved 1048576K
}
Event: 5.895 GC heap before
{Heap before GC invocations=5 (full 1):
 PSYoungGen      total 38400K, used 33280K [0x0000000795580000, 0x000000079a080000, 0x00000007c0000000)
  eden space 33280K, 100% used [0x0000000795580000,0x0000000797600000,0x0000000797600000)
  from space 5120K, 0% used [0x0000000797600000,0x0000000797600000,0x0000000797b00000)
  to   space 5120K, 0% used [0x0000000799b80000,0x0000000799b80000,0x000000079a080000)
 ParOldGen       total 53248K, used 7380K [0x0000000740000000, 0x0000000743400000, 0x0000000795580000)
  object space 53248K, 13% used [0x0000000740000000,0x0000000740735170,0x0000000743400000)
 Metaspace       used 23846K, capacity 24263K, committed 24576K, reserved 1071104K
  class space    used 2448K, capacity 2556K, committed 2560K, reserved 1048576K
Event: 5.907 GC heap after
Heap after GC invocations=5 (full 1):
 PSYoungGen      total 61440K, used 5118K [0x0000000795580000, 0x000000079a080000, 0x00000007c0000000)
  eden space 56320K, 0% used [0x0000000795580000,0x0000000795580000,0x0000000798c80000)
  from space 5120K, 99% used [0x0000000799b80000,0x000000079a07f940,0x000000079a080000)
  to   space 5120K, 0% used [0x0000000799680000,0x0000000799680000,0x0000000799b80000)
 ParOldGen       total 53248K, used 15378K [0x0000000740000000, 0x0000000743400000, 0x0000000795580000)
  object space 53248K, 28% used [0x0000000740000000,0x0000000740f04948,0x0000000743400000)
 Metaspace       used 23846K, capacity 24263K, committed 24576K, reserved 1071104K
  class space    used 2448K, capacity 2556K, committed 2560K, reserved 1048576K
}
Event: 10.847 GC heap before
{Heap before GC invocations=6 (full 1):
 PSYoungGen      total 61440K, used 61438K [0x0000000795580000, 0x000000079a080000, 0x00000007c0000000)
  eden space 56320K, 100% used [0x0000000795580000,0x0000000798c80000,0x0000000798c80000)
  from space 5120K, 99% used [0x0000000799b80000,0x000000079a07f940,0x000000079a080000)
  to   space 5120K, 0% used [0x0000000799680000,0x0000000799680000,0x0000000799b80000)
 ParOldGen       total 53248K, used 15378K [0x0000000740000000, 0x0000000743400000, 0x0000000795580000)
  object space 53248K, 28% used [0x0000000740000000,0x0000000740f04948,0x0000000743400000)
 Metaspace       used 24487K, capacity 24855K, committed 25088K, reserved 1071104K
  class space    used 2454K, capacity 2558K, committed 2560K, reserved 1048576K
Event: 10.853 GC heap after
Heap after GC invocations=6 (full 1):
 PSYoungGen      total 71680K, used 5118K [0x0000000795580000, 0x000000079c880000, 0x00000007c0000000)
  eden space 66560K, 0% used [0x0000000795580000,0x0000000795580000,0x0000000799680000)
  from space 5120K, 99% used [0x0000000799680000,0x0000000799b7f950,0x0000000799b80000)
  to   space 12800K, 0% used [0x000000079bc00000,0x000000079bc00000,0x000000079c880000)
 ParOldGen       total 53248K, used 17514K [0x0000000740000000, 0x0000000743400000, 0x0000000795580000)
  object space 53248K, 32% used [0x0000000740000000,0x000000074111aa18,0x0000000743400000)
 Metaspace       used 24487K, capacity 24855K, committed 25088K, reserved 1071104K
  class space    used 2454K, capacity 2558K, committed 2560K, reserved 1048576K
}
Event: 12.162 GC heap before
{Heap before GC invocations=7 (full 1):
 PSYoungGen      total 71680K, used 71678K [0x0000000795580000, 0x000000079c880000, 0x00000007c0000000)
  eden space 66560K, 100% used [0x0000000795580000,0x0000000799680000,0x0000000799680000)
  from space 5120K, 99% used [0x0000000799680000,0x0000000799b7f950,0x0000000799b80000)
  to   space 12800K, 0% used [0x000000079bc00000,0x000000079bc00000,0x000000079c880000)
 ParOldGen       total 53248K, used 17514K [0x0000000740000000, 0x0000000743400000, 0x0000000795580000)
  object space 53248K, 32% used [0x0000000740000000,0x000000074111aa18,0x0000000743400000)
 Metaspace       used 24567K, capacity 24983K, committed 25088K, reserved 1071104K
  class space    used 2454K, capacity 2558K, committed 2560K, reserved 1048576K
Event: 12.173 GC heap after
Heap after GC invocations=7 (full 1):
 PSYoungGen      total 102912K, used 12702K [0x0000000795580000, 0x000000079db00000, 0x00000007c0000000)
  eden space 90112K, 0% used [0x0000000795580000,0x0000000795580000,0x000000079ad80000)
  from space 12800K, 99% used [0x000000079bc00000,0x000000079c867b20,0x000000079c880000)
  to   space 14848K, 0% used [0x000000079ad80000,0x000000079ad80000,0x000000079bc00000)
 ParOldGen       total 53248K, used 21874K [0x0000000740000000, 0x0000000743400000, 0x0000000795580000)
  object space 53248K, 41% used [0x0000000740000000,0x000000074155cb28,0x0000000743400000)
 Metaspace       used 24567K, capacity 24983K, committed 25088K, reserved 1071104K
  class space    used 2454K, capacity 2558K, committed 2560K, reserved 1048576K
}
Event: 18.319 GC heap before
{Heap before GC invocations=8 (full 1):
 PSYoungGen      total 102912K, used 102814K [0x0000000795580000, 0x000000079db00000, 0x00000007c0000000)
  eden space 90112K, 100% used [0x0000000795580000,0x000000079ad80000,0x000000079ad80000)
  from space 12800K, 99% used [0x000000079bc00000,0x000000079c867b20,0x000000079c880000)
  to   space 14848K, 0% used [0x000000079ad80000,0x000000079ad80000,0x000000079bc00000)
 ParOldGen       total 53248K, used 21874K [0x0000000740000000, 0x0000000743400000, 0x0000000795580000)
  object space 53248K, 41% used [0x0000000740000000,0x000000074155cb28,0x0000000743400000)
 Metaspace       used 25063K, capacity 25469K, committed 25728K, reserved 1073152K
  class space    used 2486K, capacity 2591K, committed 2688K, reserved 1048576K
Event: 18.333 GC heap after
Heap after GC invocations=8 (full 1):
 PSYoungGen      total 104960K, used 14686K [0x0000000795580000, 0x000000079fe80000, 0x00000007c0000000)
  eden space 90112K, 0% used [0x0000000795580000,0x0000000795580000,0x000000079ad80000)
  from space 14848K, 98% used [0x000000079ad80000,0x000000079bbd7bb0,0x000000079bc00000)
  to   space 16896K, 0% used [0x000000079ee00000,0x000000079ee00000,0x000000079fe80000)
 ParOldGen       total 53248K, used 27771K [0x0000000740000000, 0x0000000743400000, 0x0000000795580000)
  object space 53248K, 52% used [0x0000000740000000,0x0000000741b1ec98,0x0000000743400000)
 Metaspace       used 25063K, capacity 25469K, committed 25728K, reserved 1073152K
  class space    used 2486K, capacity 2591K, committed 2688K, reserved 1048576K
}

