# JRE version: Java(TM) SE Runtime Environment (8.0_144-b01) (build 1.8.0_144-b01)
# Java VM: Java HotSpot(TM) 64-Bit Server VM (25.144-b01 mixed mode bsd-amd64 compressed oops)
Heap:
 PSYoungGen      total 102400K, used 36891K [0x0000000795580000, 0x000000079fe00000, 0x00000007c0000000)
  eden space 87040K, 24% used [0x0000000795580000,0x0000000796a8f688,0x000000079aa80000)
  from space 15360K, 99% used [0x000000079aa80000,0x000000079b9776f0,0x000000079b980000)
  to   space 17920K, 0% used [0x000000079ec80000,0x000000079ec80000,0x000000079fe00000)
 ParOldGen       total 54784K, used 23908K [0x0000000740000000, 0x0000000743580000, 0x0000000795580000)
  object space 54784K, 43% used [0x0000000740000000,0x00000007417590c0,0x0000000743580000)
 Metaspace       used 25079K, capacity 25511K, committed 25728K, reserved 1073152K
  class space    used 2495K, capacity 2624K, committed 2688K, reserved 1048576K
GC Heap History (10 events):
Event: 4.205 GC heap before
{Heap before GC invocations=4 (full 1):
 PSYoungGen      total 38400K, used 5104K [0x0000000795580000, 0x000000079a080000, 0x00000007c0000000)
  eden space 33280K, 0% used [0x0000000795580000,0x0000000795580000,0x0000000797600000)
  from space 5120K, 99% used [0x0000000797600000,0x0000000797afc290,0x0000000797b00000)
  to   space 5120K, 0% used [0x0000000799b80000,0x0000000799b80000,0x000000079a080000)
 ParOldGen       total 87552K, used 3580K [0x0000000740000000, 0x0000000745580000, 0x0000000795580000)
  object space 87552K, 4% used [0x0000000740000000,0x000000074037f220,0x0000000745580000)
 Metaspace       used 20825K, capacity 21227K, committed 21248K, reserved 1069056K
  class space    used 2163K, capacity 2294K, committed 2304K, reserved 1048576K
Event: 4.239 GC heap after
Heap after GC invocations=4 (full 1):
 PSYoungGen      total 38400K, used 0K [0x0000000795580000, 0x000000079a080000, 0x00000007c0000000)
  eden space 33280K, 0% used [0x0000000795580000,0x0000000795580000,0x0000000797600000)
  from space 5120K, 0% used [0x0000000797600000,0x0000000797600000,0x0000000797b00000)
  to   space 5120K, 0% used [0x0000000799b80000,0x0000000799b80000,0x000000079a080000)
 ParOldGen       total 54784K, used 7393K [0x0000000740000000, 0x0000000743580000, 0x0000000795580000)
  object space 54784K, 13% used [0x0000000740000000,0x0000000740738410,0x0000000743580000)
 Metaspace       used 20825K, capacity 21227K, committed 21248K, reserved 1069056K
  class space    used 2163K, capacity 2294K, committed 2304K, reserved 1048576K
}
Event: 5.273 GC heap before
{Heap before GC invocations=5 (full 1):
 PSYoungGen      total 38400K, used 33280K [0x0000000795580000, 0x000000079a080000, 0x00000007c0000000)
  eden space 33280K, 100% used [0x0000000795580000,0x0000000797600000,0x0000000797600000)
  from space 5120K, 0% used [0x0000000797600000,0x0000000797600000,0x0000000797b00000)
  to   space 5120K, 0% used [0x0000000799b80000,0x0000000799b80000,0x000000079a080000)
 ParOldGen       total 54784K, used 7393K [0x0000000740000000, 0x0000000743580000, 0x0000000795580000)
  object space 54784K, 13% used [0x0000000740000000,0x0000000740738410,0x0000000743580000)
 Metaspace       used 23905K, capacity 24277K, committed 24576K, reserved 1071104K
  class space    used 2448K, capacity 2557K, committed 2560K, reserved 1048576K
Event: 5.282 GC heap after
Heap after GC invocations=5 (full 1):
 PSYoungGen      total 60416K, used 5117K [0x0000000795580000, 0x000000079a080000, 0x00000007c0000000)
  eden space 55296K, 0% used [0x0000000795580000,0x0000000795580000,0x0000000798b80000)
  from space 5120K, 99% used [0x0000000799b80000,0x000000079a07f470,0x000000079a080000)
  to   space 5120K, 0% used [0x0000000799680000,0x0000000799680000,0x0000000799b80000)
 ParOldGen       total 54784K, used 14395K [0x0000000740000000, 0x0000000743580000, 0x0000000795580000)
  object space 54784K, 26% used [0x0000000740000000,0x0000000740e0ee70,0x0000000743580000)
 Metaspace       used 23905K, capacity 24277K, committed 24576K, reserved 1071104K
  class space    used 2448K, capacity 2557K, committed 2560K, reserved 1048576K
}
Event: 7.588 GC heap before
{Heap before GC invocations=6 (full 1):
 PSYoungGen      total 60416K, used 60413K [0x0000000795580000, 0x000000079a080000, 0x00000007c0000000)
  eden space 55296K, 100% used [0x0000000795580000,0x0000000798b80000,0x0000000798b80000)
  from space 5120K, 99% used [0x0000000799b80000,0x000000079a07f470,0x000000079a080000)
  to   space 5120K, 0% used [0x0000000799680000,0x0000000799680000,0x0000000799b80000)
 ParOldGen       total 54784K, used 14395K [0x0000000740000000, 0x0000000743580000, 0x0000000795580000)
  object space 54784K, 26% used [0x0000000740000000,0x0000000740e0ee70,0x0000000743580000)
 Metaspace       used 24308K, capacity 24673K, committed 24832K, reserved 1071104K
  class space    used 2451K, capacity 2559K, committed 2560K, reserved 1048576K
Event: 7.596 GC heap after
Heap after GC invocations=6 (full 1):
 PSYoungGen      total 71680K, used 5101K [0x0000000795580000, 0x000000079c680000, 0x00000007c0000000)
  eden space 66560K, 0% used [0x0000000795580000,0x0000000795580000,0x0000000799680000)
  from space 5120K, 99% used [0x0000000799680000,0x0000000799b7b470,0x0000000799b80000)
  to   space 13312K, 0% used [0x000000079b980000,0x000000079b980000,0x000000079c680000)
 ParOldGen       total 54784K, used 19283K [0x0000000740000000, 0x0000000743580000, 0x0000000795580000)
  object space 54784K, 35% used [0x0000000740000000,0x00000007412d4fa0,0x0000000743580000)
 Metaspace       used 24308K, capacity 24673K, committed 24832K, reserved 1071104K
  class space    used 2451K, capacity 2559K, committed 2560K, reserved 1048576K
}
Event: 8.197 GC heap before
{Heap before GC invocations=7 (full 1):
 PSYoungGen      total 71680K, used 71661K [0x0000000795580000, 0x000000079c680000, 0x00000007c0000000)
  eden space 66560K, 100% used [0x0000000795580000,0x0000000799680000,0x0000000799680000)
  from space 5120K, 99% used [0x0000000799680000,0x0000000799b7b470,0x0000000799b80000)
  to   space 13312K, 0% used [0x000000079b980000,0x000000079b980000,0x000000079c680000)
 ParOldGen       total 54784K, used 19283K [0x0000000740000000, 0x0000000743580000, 0x0000000795580000)
  object space 54784K, 35% used [0x0000000740000000,0x00000007412d4fa0,0x0000000743580000)
 Metaspace       used 24390K, capacity 24801K, committed 25088K, reserved 1071104K
  class space    used 2451K, capacity 2559K, committed 2560K, reserved 1048576K
Event: 8.207 GC heap after
Heap after GC invocations=7 (full 1):
 PSYoungGen      total 100352K, used 13181K [0x0000000795580000, 0x000000079dd00000, 0x00000007c0000000)
  eden space 87040K, 0% used [0x0000000795580000,0x0000000795580000,0x000000079aa80000)
  from space 13312K, 99% used [0x000000079b980000,0x000000079c65f650,0x000000079c680000)
  to   space 15360K, 0% used [0x000000079aa80000,0x000000079aa80000,0x000000079b980000)
 ParOldGen       total 54784K, used 21340K [0x0000000740000000, 0x0000000743580000, 0x0000000795580000)
  object space 54784K, 38% used [0x0000000740000000,0x00000007414d7020,0x0000000743580000)
 Metaspace       used 24390K, capacity 24801K, committed 25088K, reserved 1071104K
  class space    used 2451K, capacity 2559K, committed 2560K, reserved 1048576K
}
Event: 12.481 GC heap before
{Heap before GC invocations=8 (full 1):
 PSYoungGen      total 100352K, used 100221K [0x0000000795580000, 0x000000079dd00000, 0x00000007c0000000)
  eden space 87040K, 100% used [0x0000000795580000,0x000000079aa80000,0x000000079aa80000)
  from space 13312K, 99% used [0x000000079b980000,0x000000079c65f650,0x000000079c680000)
  to   space 15360K, 0% used [0x000000079aa80000,0x000000079aa80000,0x000000079b980000)
 ParOldGen       total 54784K, used 21340K [0x0000000740000000, 0x0000000743580000, 0x0000000795580000)
  object space 54784K, 38% used [0x0000000740000000,0x00000007414d7020,0x0000000743580000)
 Metaspace       used 24933K, capacity 25351K, committed 25728K, reserved 1073152K
  class space    used 2484K, capacity 2592K, committed 2688K, reserved 1048576K
Event: 12.492 GC heap after
Heap after GC invocations=8 (full 1):
 PSYoungGen      total 102400K, used 15325K [0x0000000795580000, 0x000000079fe00000, 0x00000007c0000000)
  eden space 87040K, 0% used [0x0000000795580000,0x0000000795580000,0x000000079aa80000)
  from space 15360K, 99% used [0x000000079aa80000,0x000000079b9776f0,0x000000079b980000)
  to   space 17920K, 0% used [0x000000079ec80000,0x000000079ec80000,0x000000079fe00000)
 ParOldGen       total 54784K, used 23908K [0x0000000740000000, 0x0000000743580000, 0x0000000795580000)
  object space 54784K, 43% used [0x0000000740000000,0x00000007417590c0,0x0000000743580000)
 Metaspace       used 24933K, capacity 25351K, committed 25728K, reserved 1073152K
  class space    used 2484K, capacity 2592K, committed 2688K, reserved 1048576K
}

