# JRE version: Java(TM) SE Runtime Environment (8.0_144-b01) (build 1.8.0_144-b01)
# Java VM: Java HotSpot(TM) 64-Bit Server VM (25.144-b01 mixed mode bsd-amd64 compressed oops)
Heap:
 PSYoungGen      total 71680K, used 15273K [0x0000000795580000, 0x000000079c400000, 0x00000007c0000000)
  eden space 66560K, 15% used [0x0000000795580000,0x0000000795f6b158,0x0000000799680000)
  from space 5120K, 99% used [0x0000000799680000,0x0000000799b7f500,0x0000000799b80000)
  to   space 12288K, 0% used [0x000000079b800000,0x000000079b800000,0x000000079c400000)
 ParOldGen       total 54784K, used 17503K [0x0000000740000000, 0x0000000743580000, 0x0000000795580000)
  object space 54784K, 31% used [0x0000000740000000,0x0000000741117e38,0x0000000743580000)
 Metaspace       used 24551K, capacity 24971K, committed 25216K, reserved 1071104K
  class space    used 2461K, capacity 2592K, committed 2688K, reserved 1048576K
GC Heap History (10 events):
Event: 4.149 GC heap before
{Heap before GC invocations=2 (full 0):
 PSYoungGen      total 38400K, used 38210K [0x0000000795580000, 0x0000000798000000, 0x00000007c0000000)
  eden space 33280K, 100% used [0x0000000795580000,0x0000000797600000,0x0000000797600000)
  from space 5120K, 96% used [0x0000000797600000,0x0000000797ad0928,0x0000000797b00000)
  to   space 5120K, 0% used [0x0000000797b00000,0x0000000797b00000,0x0000000798000000)
 ParOldGen       total 87552K, used 8K [0x0000000740000000, 0x0000000745580000, 0x0000000795580000)
  object space 87552K, 0% used [0x0000000740000000,0x0000000740002000,0x0000000745580000)
 Metaspace       used 19954K, capacity 20361K, committed 20480K, reserved 1067008K
  class space    used 2065K, capacity 2197K, committed 2304K, reserved 1048576K
Event: 4.161 GC heap after
Heap after GC invocations=2 (full 0):
 PSYoungGen      total 38400K, used 5088K [0x0000000795580000, 0x0000000798000000, 0x00000007c0000000)
  eden space 33280K, 0% used [0x0000000795580000,0x0000000795580000,0x0000000797600000)
  from space 5120K, 99% used [0x0000000797b00000,0x0000000797ff8060,0x0000000798000000)
  to   space 5120K, 0% used [0x0000000797600000,0x0000000797600000,0x0000000797b00000)
 ParOldGen       total 87552K, used 2984K [0x0000000740000000, 0x0000000745580000, 0x0000000795580000)
  object space 87552K, 3% used [0x0000000740000000,0x00000007402ea068,0x0000000745580000)
 Metaspace       used 19954K, capacity 20361K, committed 20480K, reserved 1067008K
  class space    used 2065K, capacity 2197K, committed 2304K, reserved 1048576K
}
Event: 4.294 GC heap before
{Heap before GC invocations=3 (full 0):
 PSYoungGen      total 38400K, used 8288K [0x0000000795580000, 0x0000000798000000, 0x00000007c0000000)
  eden space 33280K, 9% used [0x0000000795580000,0x00000007958a01a0,0x0000000797600000)
  from space 5120K, 99% used [0x0000000797b00000,0x0000000797ff8060,0x0000000798000000)
  to   space 5120K, 0% used [0x0000000797600000,0x0000000797600000,0x0000000797b00000)
 ParOldGen       total 87552K, used 2984K [0x0000000740000000, 0x0000000745580000, 0x0000000795580000)
  object space 87552K, 3% used [0x0000000740000000,0x00000007402ea068,0x0000000745580000)
 Metaspace       used 20823K, capacity 21233K, committed 21248K, reserved 1069056K
  class space    used 2166K, capacity 2295K, committed 2304K, reserved 1048576K
Event: 4.302 GC heap after
Heap after GC invocations=3 (full 0):
 PSYoungGen      total 38400K, used 5092K [0x0000000795580000, 0x000000079a080000, 0x00000007c0000000)
  eden space 33280K, 0% used [0x0000000795580000,0x0000000795580000,0x0000000797600000)
  from space 5120K, 99% used [0x0000000797600000,0x0000000797af9088,0x0000000797b00000)
  to   space 5120K, 0% used [0x0000000799b80000,0x0000000799b80000,0x000000079a080000)
 ParOldGen       total 87552K, used 3548K [0x0000000740000000, 0x0000000745580000, 0x0000000795580000)
  object space 87552K, 4% used [0x0000000740000000,0x00000007403771d0,0x0000000745580000)
 Metaspace       used 20823K, capacity 21233K, committed 21248K, reserved 1069056K
  class space    used 2166K, capacity 2295K, committed 2304K, reserved 1048576K
}
Event: 4.302 GC heap before
{Heap before GC invocations=4 (full 1):
 PSYoungGen      total 38400K, used 5092K [0x0000000795580000, 0x000000079a080000, 0x00000007c0000000)
  eden space 33280K, 0% used [0x0000000795580000,0x0000000795580000,0x0000000797600000)
  from space 5120K, 99% used [0x0000000797600000,0x0000000797af9088,0x0000000797b00000)
  to   space 5120K, 0% used [0x0000000799b80000,0x0000000799b80000,0x000000079a080000)
 ParOldGen       total 87552K, used 3548K [0x0000000740000000, 0x0000000745580000, 0x0000000795580000)
  object space 87552K, 4% used [0x0000000740000000,0x00000007403771d0,0x0000000745580000)
 Metaspace       used 20823K, capacity 21233K, committed 21248K, reserved 1069056K
  class space    used 2166K, capacity 2295K, committed 2304K, reserved 1048576K
Event: 4.344 GC heap after
Heap after GC invocations=4 (full 1):
 PSYoungGen      total 38400K, used 0K [0x0000000795580000, 0x000000079a080000, 0x00000007c0000000)
  eden space 33280K, 0% used [0x0000000795580000,0x0000000795580000,0x0000000797600000)
  from space 5120K, 0% used [0x0000000797600000,0x0000000797600000,0x0000000797b00000)
  to   space 5120K, 0% used [0x0000000799b80000,0x0000000799b80000,0x000000079a080000)
 ParOldGen       total 54784K, used 7388K [0x0000000740000000, 0x0000000743580000, 0x0000000795580000)
  object space 54784K, 13% used [0x0000000740000000,0x0000000740737188,0x0000000743580000)
 Metaspace       used 20821K, capacity 21231K, committed 21248K, reserved 1069056K
  class space    used 2165K, capacity 2294K, committed 2304K, reserved 1048576K
}
Event: 5.190 GC heap before
{Heap before GC invocations=5 (full 1):
 PSYoungGen      total 38400K, used 33280K [0x0000000795580000, 0x000000079a080000, 0x00000007c0000000)
  eden space 33280K, 100% used [0x0000000795580000,0x0000000797600000,0x0000000797600000)
  from space 5120K, 0% used [0x0000000797600000,0x0000000797600000,0x0000000797b00000)
  to   space 5120K, 0% used [0x0000000799b80000,0x0000000799b80000,0x000000079a080000)
 ParOldGen       total 54784K, used 7388K [0x0000000740000000, 0x0000000743580000, 0x0000000795580000)
  object space 54784K, 13% used [0x0000000740000000,0x0000000740737188,0x0000000743580000)
 Metaspace       used 23871K, capacity 24287K, committed 24576K, reserved 1071104K
  class space    used 2448K, capacity 2558K, committed 2560K, reserved 1048576K
Event: 5.199 GC heap after
Heap after GC invocations=5 (full 1):
 PSYoungGen      total 60416K, used 5117K [0x0000000795580000, 0x000000079a080000, 0x00000007c0000000)
  eden space 55296K, 0% used [0x0000000795580000,0x0000000795580000,0x0000000798b80000)
  from space 5120K, 99% used [0x0000000799b80000,0x000000079a07f4f0,0x000000079a080000)
  to   space 5120K, 0% used [0x0000000799680000,0x0000000799680000,0x0000000799b80000)
 ParOldGen       total 54784K, used 14269K [0x0000000740000000, 0x0000000743580000, 0x0000000795580000)
  object space 54784K, 26% used [0x0000000740000000,0x0000000740def4c8,0x0000000743580000)
 Metaspace       used 23871K, capacity 24287K, committed 24576K, reserved 1071104K
  class space    used 2448K, capacity 2558K, committed 2560K, reserved 1048576K
}
Event: 8.838 GC heap before
{Heap before GC invocations=6 (full 1):
 PSYoungGen      total 60416K, used 60413K [0x0000000795580000, 0x000000079a080000, 0x00000007c0000000)
  eden space 55296K, 100% used [0x0000000795580000,0x0000000798b80000,0x0000000798b80000)
  from space 5120K, 99% used [0x0000000799b80000,0x000000079a07f4f0,0x000000079a080000)
  to   space 5120K, 0% used [0x0000000799680000,0x0000000799680000,0x0000000799b80000)
 ParOldGen       total 54784K, used 14269K [0x0000000740000000, 0x0000000743580000, 0x0000000795580000)
  object space 54784K, 26% used [0x0000000740000000,0x0000000740def4c8,0x0000000743580000)
 Metaspace       used 24370K, capacity 24843K, committed 25216K, reserved 1071104K
  class space    used 2454K, capacity 2592K, committed 2688K, reserved 1048576K
Event: 8.843 GC heap after
Heap after GC invocations=6 (full 1):
 PSYoungGen      total 71680K, used 5117K [0x0000000795580000, 0x000000079c400000, 0x00000007c0000000)
  eden space 66560K, 0% used [0x0000000795580000,0x0000000795580000,0x0000000799680000)
  from space 5120K, 99% used [0x0000000799680000,0x0000000799b7f500,0x0000000799b80000)
  to   space 12288K, 0% used [0x000000079b800000,0x000000079b800000,0x000000079c400000)
 ParOldGen       total 54784K, used 17503K [0x0000000740000000, 0x0000000743580000, 0x0000000795580000)
  object space 54784K, 31% used [0x0000000740000000,0x0000000741117e38,0x0000000743580000)
 Metaspace       used 24370K, capacity 24843K, committed 25216K, reserved 1071104K
  class space    used 2454K, capacity 2592K, committed 2688K, reserved 1048576K
}

