# JRE version: Java(TM) SE Runtime Environment (8.0_144-b01) (build 1.8.0_144-b01)
# Java VM: Java HotSpot(TM) 64-Bit Server VM (25.144-b01 mixed mode bsd-amd64 compressed oops)
Heap:
 PSYoungGen      total 145408K, used 58571K [0x0000000795580000, 0x00000007a2400000, 0x00000007c0000000)
  eden space 137728K, 37% used [0x0000000795580000,0x000000079878abd8,0x000000079dc00000)
  from space 7680K, 95% used [0x00000007a1c80000,0x00000007a23a81c0,0x00000007a2400000)
  to   space 18944K, 0% used [0x000000079ff00000,0x000000079ff00000,0x00000007a1180000)
 ParOldGen       total 53248K, used 37028K [0x0000000740000000, 0x0000000743400000, 0x0000000795580000)
  object space 53248K, 69% used [0x0000000740000000,0x0000000742429220,0x0000000743400000)
 Metaspace       used 25093K, capacity 25467K, committed 25728K, reserved 1073152K
  class space    used 2486K, capacity 2592K, committed 2688K, reserved 1048576K
GC Heap History (10 events):
Event: 18.109 GC heap before
{Heap before GC invocations=7 (full 1):
 PSYoungGen      total 71680K, used 71677K [0x0000000795580000, 0x000000079c700000, 0x00000007c0000000)
  eden space 66560K, 100% used [0x0000000795580000,0x0000000799680000,0x0000000799680000)
  from space 5120K, 99% used [0x0000000799680000,0x0000000799b7f510,0x0000000799b80000)
  to   space 12288K, 0% used [0x000000079bb00000,0x000000079bb00000,0x000000079c700000)
 ParOldGen       total 53248K, used 16475K [0x0000000740000000, 0x0000000743400000, 0x0000000795580000)
  object space 53248K, 30% used [0x0000000740000000,0x0000000741016e10,0x0000000743400000)
 Metaspace       used 24826K, capacity 25275K, committed 25472K, reserved 1073152K
  class space    used 2478K, capacity 2592K, committed 2688K, reserved 1048576K
Event: 18.117 GC heap after
Heap after GC invocations=7 (full 1):
 PSYoungGen      total 104448K, used 8093K [0x0000000795580000, 0x000000079d280000, 0x00000007c0000000)
  eden space 92160K, 0% used [0x0000000795580000,0x0000000795580000,0x000000079af80000)
  from space 12288K, 65% used [0x000000079bb00000,0x000000079c2e75f0,0x000000079c700000)
  to   space 11776K, 0% used [0x000000079af80000,0x000000079af80000,0x000000079bb00000)
 ParOldGen       total 53248K, used 16483K [0x0000000740000000, 0x0000000743400000, 0x0000000795580000)
  object space 53248K, 30% used [0x0000000740000000,0x0000000741018e10,0x0000000743400000)
 Metaspace       used 24826K, capacity 25275K, committed 25472K, reserved 1073152K
  class space    used 2478K, capacity 2592K, committed 2688K, reserved 1048576K
}
Event: 18.934 GC heap before
{Heap before GC invocations=8 (full 1):
 PSYoungGen      total 104448K, used 100253K [0x0000000795580000, 0x000000079d280000, 0x00000007c0000000)
  eden space 92160K, 100% used [0x0000000795580000,0x000000079af80000,0x000000079af80000)
  from space 12288K, 65% used [0x000000079bb00000,0x000000079c2e75f0,0x000000079c700000)
  to   space 11776K, 0% used [0x000000079af80000,0x000000079af80000,0x000000079bb00000)
 ParOldGen       total 53248K, used 16517K [0x0000000740000000, 0x0000000743400000, 0x0000000795580000)
  object space 53248K, 31% used [0x0000000740000000,0x00000007410214e8,0x0000000743400000)
 Metaspace       used 24925K, capacity 25339K, committed 25472K, reserved 1073152K
  class space    used 2478K, capacity 2592K, committed 2688K, reserved 1048576K
Event: 18.948 GC heap after
Heap after GC invocations=8 (full 1):
 PSYoungGen      total 103936K, used 11757K [0x0000000795580000, 0x00000007a0a00000, 0x00000007c0000000)
  eden space 92160K, 0% used [0x0000000795580000,0x0000000795580000,0x000000079af80000)
  from space 11776K, 99% used [0x000000079af80000,0x000000079bafb6b0,0x000000079bb00000)
  to   space 18432K, 0% used [0x000000079f800000,0x000000079f800000,0x00000007a0a00000)
 ParOldGen       total 53248K, used 26773K [0x0000000740000000, 0x0000000743400000, 0x0000000795580000)
  object space 53248K, 50% used [0x0000000740000000,0x0000000741a25768,0x0000000743400000)
 Metaspace       used 24925K, capacity 25339K, committed 25472K, reserved 1073152K
  class space    used 2478K, capacity 2592K, committed 2688K, reserved 1048576K
}
Event: 24.869 GC heap before
{Heap before GC invocations=9 (full 1):
 PSYoungGen      total 103936K, used 103917K [0x0000000795580000, 0x00000007a0a00000, 0x00000007c0000000)
  eden space 92160K, 100% used [0x0000000795580000,0x000000079af80000,0x000000079af80000)
  from space 11776K, 99% used [0x000000079af80000,0x000000079bafb6b0,0x000000079bb00000)
  to   space 18432K, 0% used [0x000000079f800000,0x000000079f800000,0x00000007a0a00000)
 ParOldGen       total 53248K, used 26773K [0x0000000740000000, 0x0000000743400000, 0x0000000795580000)
  object space 53248K, 50% used [0x0000000740000000,0x0000000741a25768,0x0000000743400000)
 Metaspace       used 25057K, capacity 25467K, committed 25728K, reserved 1073152K
  class space    used 2479K, capacity 2592K, committed 2688K, reserved 1048576K
Event: 24.880 GC heap after
Heap after GC invocations=9 (full 1):
 PSYoungGen      total 158208K, used 14176K [0x0000000795580000, 0x00000007a0700000, 0x00000007c0000000)
  eden space 142848K, 0% used [0x0000000795580000,0x0000000795580000,0x000000079e100000)
  from space 15360K, 92% used [0x000000079f800000,0x00000007a05d83b0,0x00000007a0700000)
  to   space 19456K, 0% used [0x000000079e100000,0x000000079e100000,0x000000079f400000)
 ParOldGen       total 53248K, used 30655K [0x0000000740000000, 0x0000000743400000, 0x0000000795580000)
  object space 53248K, 57% used [0x0000000740000000,0x0000000741defc40,0x0000000743400000)
 Metaspace       used 25057K, capacity 25467K, committed 25728K, reserved 1073152K
  class space    used 2479K, capacity 2592K, committed 2688K, reserved 1048576K
}
Event: 52.932 GC heap before
{Heap before GC invocations=10 (full 1):
 PSYoungGen      total 158208K, used 157024K [0x0000000795580000, 0x00000007a0700000, 0x00000007c0000000)
  eden space 142848K, 100% used [0x0000000795580000,0x000000079e100000,0x000000079e100000)
  from space 15360K, 92% used [0x000000079f800000,0x00000007a05d83b0,0x00000007a0700000)
  to   space 19456K, 0% used [0x000000079e100000,0x000000079e100000,0x000000079f400000)
 ParOldGen       total 53248K, used 30655K [0x0000000740000000, 0x0000000743400000, 0x0000000795580000)
  object space 53248K, 57% used [0x0000000740000000,0x0000000741defc40,0x0000000743400000)
 Metaspace       used 25058K, capacity 25467K, committed 25728K, reserved 1073152K
  class space    used 2479K, capacity 2592K, committed 2688K, reserved 1048576K
Event: 52.940 GC heap after
Heap after GC invocations=10 (full 1):
 PSYoungGen      total 162304K, used 12512K [0x0000000795580000, 0x00000007a2f80000, 0x00000007c0000000)
  eden space 142848K, 0% used [0x0000000795580000,0x0000000795580000,0x000000079e100000)
  from space 19456K, 64% used [0x000000079e100000,0x000000079ed38300,0x000000079f400000)
  to   space 19456K, 0% used [0x00000007a1c80000,0x00000007a1c80000,0x00000007a2f80000)
 ParOldGen       total 53248K, used 31860K [0x0000000740000000, 0x0000000743400000, 0x0000000795580000)
  object space 53248K, 59% used [0x0000000740000000,0x0000000741f1d0e0,0x0000000743400000)
 Metaspace       used 25058K, capacity 25467K, committed 25728K, reserved 1073152K
  class space    used 2479K, capacity 2592K, committed 2688K, reserved 1048576K
}
Event: 81.113 GC heap before
{Heap before GC invocations=11 (full 1):
 PSYoungGen      total 162304K, used 155360K [0x0000000795580000, 0x00000007a2f80000, 0x00000007c0000000)
  eden space 142848K, 100% used [0x0000000795580000,0x000000079e100000,0x000000079e100000)
  from space 19456K, 64% used [0x000000079e100000,0x000000079ed38300,0x000000079f400000)
  to   space 19456K, 0% used [0x00000007a1c80000,0x00000007a1c80000,0x00000007a2f80000)
 ParOldGen       total 53248K, used 31860K [0x0000000740000000, 0x0000000743400000, 0x0000000795580000)
  object space 53248K, 59% used [0x0000000740000000,0x0000000741f1d0e0,0x0000000743400000)
 Metaspace       used 25058K, capacity 25467K, committed 25728K, reserved 1073152K
  class space    used 2479K, capacity 2592K, committed 2688K, reserved 1048576K
Event: 81.120 GC heap after
Heap after GC invocations=11 (full 1):
 PSYoungGen      total 145408K, used 7328K [0x0000000795580000, 0x00000007a2400000, 0x00000007c0000000)
  eden space 137728K, 0% used [0x0000000795580000,0x0000000795580000,0x000000079dc00000)
  from space 7680K, 95% used [0x00000007a1c80000,0x00000007a23a81c0,0x00000007a2400000)
  to   space 18944K, 0% used [0x000000079ff00000,0x000000079ff00000,0x00000007a1180000)
 ParOldGen       total 53248K, used 37028K [0x0000000740000000, 0x0000000743400000, 0x0000000795580000)
  object space 53248K, 69% used [0x0000000740000000,0x0000000742429220,0x0000000743400000)
 Metaspace       used 25058K, capacity 25467K, committed 25728K, reserved 1073152K
  class space    used 2479K, capacity 2592K, committed 2688K, reserved 1048576K
}

