# JRE version: Java(TM) SE Runtime Environment (8.0_144-b01) (build 1.8.0_144-b01)
# Java VM: Java HotSpot(TM) 64-Bit Server VM (25.144-b01 mixed mode bsd-amd64 compressed oops)
Heap:
 PSYoungGen      total 77824K, used 38993K [0x0000000795580000, 0x000000079b000000, 0x00000007c0000000)
  eden space 65024K, 51% used [0x0000000795580000,0x0000000797650328,0x0000000799500000)
  from space 12800K, 42% used [0x000000079a380000,0x000000079a8c41f0,0x000000079b000000)
  to   space 13824K, 0% used [0x0000000799500000,0x0000000799500000,0x000000079a280000)
 ParOldGen       total 59392K, used 15971K [0x0000000740000000, 0x0000000743a00000, 0x0000000795580000)
  object space 59392K, 26% used [0x0000000740000000,0x0000000740f98c80,0x0000000743a00000)
 Metaspace       used 21344K, capacity 21667K, committed 22016K, reserved 1069056K
  class space    used 2106K, capacity 2216K, committed 2304K, reserved 1048576K
GC Heap History (10 events):
Event: 6.765 GC heap before
{Heap before GC invocations=3 (full 0):
 PSYoungGen      total 38400K, used 38397K [0x0000000795580000, 0x000000079a080000, 0x00000007c0000000)
  eden space 33280K, 100% used [0x0000000795580000,0x0000000797600000,0x0000000797600000)
  from space 5120K, 99% used [0x0000000797b00000,0x0000000797fff420,0x0000000798000000)
  to   space 5120K, 0% used [0x0000000797600000,0x0000000797600000,0x0000000797b00000)
 ParOldGen       total 87552K, used 7465K [0x0000000740000000, 0x0000000745580000, 0x0000000795580000)
  object space 87552K, 8% used [0x0000000740000000,0x000000074074a798,0x0000000745580000)
 Metaspace       used 20752K, capacity 21053K, committed 21248K, reserved 1069056K
  class space    used 2091K, capacity 2183K, committed 2304K, reserved 1048576K
Event: 6.775 GC heap after
Heap after GC invocations=3 (full 0):
 PSYoungGen      total 38400K, used 5117K [0x0000000795580000, 0x0000000798000000, 0x00000007c0000000)
  eden space 33280K, 0% used [0x0000000795580000,0x0000000795580000,0x0000000797600000)
  from space 5120K, 99% used [0x0000000797600000,0x0000000797aff420,0x0000000797b00000)
  to   space 5120K, 0% used [0x0000000797b00000,0x0000000797b00000,0x0000000798000000)
 ParOldGen       total 87552K, used 11874K [0x0000000740000000, 0x0000000745580000, 0x0000000795580000)
  object space 87552K, 13% used [0x0000000740000000,0x0000000740b98ac0,0x0000000745580000)
 Metaspace       used 20752K, capacity 21053K, committed 21248K, reserved 1069056K
  class space    used 2091K, capacity 2183K, committed 2304K, reserved 1048576K
}
Event: 6.778 GC heap before
{Heap before GC invocations=4 (full 0):
 PSYoungGen      total 38400K, used 5785K [0x0000000795580000, 0x0000000798000000, 0x00000007c0000000)
  eden space 33280K, 2% used [0x0000000795580000,0x0000000795627038,0x0000000797600000)
  from space 5120K, 99% used [0x0000000797600000,0x0000000797aff420,0x0000000797b00000)
  to   space 5120K, 0% used [0x0000000797b00000,0x0000000797b00000,0x0000000798000000)
 ParOldGen       total 87552K, used 11874K [0x0000000740000000, 0x0000000745580000, 0x0000000795580000)
  object space 87552K, 13% used [0x0000000740000000,0x0000000740b98ac0,0x0000000745580000)
 Metaspace       used 20753K, capacity 21053K, committed 21248K, reserved 1069056K
  class space    used 2091K, capacity 2183K, committed 2304K, reserved 1048576K
Event: 6.786 GC heap after
Heap after GC invocations=4 (full 0):
 PSYoungGen      total 38400K, used 5117K [0x0000000795580000, 0x000000079a080000, 0x00000007c0000000)
  eden space 33280K, 0% used [0x0000000795580000,0x0000000795580000,0x0000000797600000)
  from space 5120K, 99% used [0x0000000797b00000,0x0000000797fff420,0x0000000798000000)
  to   space 5120K, 0% used [0x0000000797600000,0x0000000797600000,0x0000000797b00000)
 ParOldGen       total 87552K, used 11882K [0x0000000740000000, 0x0000000745580000, 0x0000000795580000)
  object space 87552K, 13% used [0x0000000740000000,0x0000000740b9aac0,0x0000000745580000)
 Metaspace       used 20753K, capacity 21053K, committed 21248K, reserved 1069056K
  class space    used 2091K, capacity 2183K, committed 2304K, reserved 1048576K
}
Event: 6.786 GC heap before
{Heap before GC invocations=5 (full 1):
 PSYoungGen      total 38400K, used 5117K [0x0000000795580000, 0x000000079a080000, 0x00000007c0000000)
  eden space 33280K, 0% used [0x0000000795580000,0x0000000795580000,0x0000000797600000)
  from space 5120K, 99% used [0x0000000797b00000,0x0000000797fff420,0x0000000798000000)
  to   space 5120K, 0% used [0x0000000797600000,0x0000000797600000,0x0000000797b00000)
 ParOldGen       total 87552K, used 11882K [0x0000000740000000, 0x0000000745580000, 0x0000000795580000)
  object space 87552K, 13% used [0x0000000740000000,0x0000000740b9aac0,0x0000000745580000)
 Metaspace       used 20753K, capacity 21053K, committed 21248K, reserved 1069056K
  class space    used 2091K, capacity 2183K, committed 2304K, reserved 1048576K
Event: 6.823 GC heap after
Heap after GC invocations=5 (full 1):
 PSYoungGen      total 38400K, used 0K [0x0000000795580000, 0x000000079a080000, 0x00000007c0000000)
  eden space 33280K, 0% used [0x0000000795580000,0x0000000795580000,0x0000000797600000)
  from space 5120K, 0% used [0x0000000797b00000,0x0000000797b00000,0x0000000798000000)
  to   space 5120K, 0% used [0x0000000797600000,0x0000000797600000,0x0000000797b00000)
 ParOldGen       total 59392K, used 15955K [0x0000000740000000, 0x0000000743a00000, 0x0000000795580000)
  object space 59392K, 26% used [0x0000000740000000,0x0000000740f94c80,0x0000000743a00000)
 Metaspace       used 20753K, capacity 21053K, committed 21248K, reserved 1069056K
  class space    used 2091K, capacity 2183K, committed 2304K, reserved 1048576K
}
Event: 11.534 GC heap before
{Heap before GC invocations=6 (full 1):
 PSYoungGen      total 38400K, used 33238K [0x0000000795580000, 0x000000079a080000, 0x00000007c0000000)
  eden space 33280K, 99% used [0x0000000795580000,0x00000007975f5bf0,0x0000000797600000)
  from space 5120K, 0% used [0x0000000797b00000,0x0000000797b00000,0x0000000798000000)
  to   space 5120K, 0% used [0x0000000797600000,0x0000000797600000,0x0000000797b00000)
 ParOldGen       total 59392K, used 15955K [0x0000000740000000, 0x0000000743a00000, 0x0000000795580000)
  object space 59392K, 26% used [0x0000000740000000,0x0000000740f94c80,0x0000000743a00000)
 Metaspace       used 21101K, capacity 21443K, committed 21760K, reserved 1069056K
  class space    used 2097K, capacity 2184K, committed 2304K, reserved 1048576K
Event: 11.537 GC heap after
Heap after GC invocations=6 (full 1):
 PSYoungGen      total 38400K, used 1632K [0x0000000795580000, 0x000000079b180000, 0x00000007c0000000)
  eden space 33280K, 0% used [0x0000000795580000,0x0000000795580000,0x0000000797600000)
  from space 5120K, 31% used [0x0000000797600000,0x0000000797798090,0x0000000797b00000)
  to   space 14336K, 0% used [0x000000079a380000,0x000000079a380000,0x000000079b180000)
 ParOldGen       total 59392K, used 15963K [0x0000000740000000, 0x0000000743a00000, 0x0000000795580000)
  object space 59392K, 26% used [0x0000000740000000,0x0000000740f96c80,0x0000000743a00000)
 Metaspace       used 21101K, capacity 21443K, committed 21760K, reserved 1069056K
  class space    used 2097K, capacity 2184K, committed 2304K, reserved 1048576K
}
Event: 17.254 GC heap before
{Heap before GC invocations=7 (full 1):
 PSYoungGen      total 38400K, used 34890K [0x0000000795580000, 0x000000079b180000, 0x00000007c0000000)
  eden space 33280K, 99% used [0x0000000795580000,0x00000007975fa7e0,0x0000000797600000)
  from space 5120K, 31% used [0x0000000797600000,0x0000000797798090,0x0000000797b00000)
  to   space 14336K, 0% used [0x000000079a380000,0x000000079a380000,0x000000079b180000)
 ParOldGen       total 59392K, used 15963K [0x0000000740000000, 0x0000000743a00000, 0x0000000795580000)
  object space 59392K, 26% used [0x0000000740000000,0x0000000740f96c80,0x0000000743a00000)
 Metaspace       used 21216K, capacity 21571K, committed 21760K, reserved 1069056K
  class space    used 2097K, capacity 2184K, committed 2304K, reserved 1048576K
Event: 17.258 GC heap after
Heap after GC invocations=7 (full 1):
 PSYoungGen      total 77824K, used 5392K [0x0000000795580000, 0x000000079b000000, 0x00000007c0000000)
  eden space 65024K, 0% used [0x0000000795580000,0x0000000795580000,0x0000000799500000)
  from space 12800K, 42% used [0x000000079a380000,0x000000079a8c41f0,0x000000079b000000)
  to   space 13824K, 0% used [0x0000000799500000,0x0000000799500000,0x000000079a280000)
 ParOldGen       total 59392K, used 15971K [0x0000000740000000, 0x0000000743a00000, 0x0000000795580000)
  object space 59392K, 26% used [0x0000000740000000,0x0000000740f98c80,0x0000000743a00000)
 Metaspace       used 21216K, capacity 21571K, committed 21760K, reserved 1069056K
  class space    used 2097K, capacity 2184K, committed 2304K, reserved 1048576K
}

