# JRE version: Java(TM) SE Runtime Environment (8.0_144-b01) (build 1.8.0_144-b01)
# Java VM: Java HotSpot(TM) 64-Bit Server VM (25.144-b01 mixed mode bsd-amd64 compressed oops)
Heap:
 PSYoungGen      total 98304K, used 50831K [0x0000000795580000, 0x000000079ec00000, 0x00000007c0000000)
  eden space 83456K, 43% used [0x0000000795580000,0x00000007978c4c10,0x000000079a700000)
  from space 14848K, 99% used [0x000000079a700000,0x000000079b55f1b8,0x000000079b580000)
  to   space 16896K, 0% used [0x000000079db80000,0x000000079db80000,0x000000079ec00000)
 ParOldGen       total 70144K, used 31038K [0x0000000740000000, 0x0000000744480000, 0x0000000795580000)
  object space 70144K, 44% used [0x0000000740000000,0x0000000741e4fa78,0x0000000744480000)
 Metaspace       used 28171K, capacity 28515K, committed 28800K, reserved 1075200K
  class space    used 2242K, capacity 2375K, committed 2432K, reserved 1048576K
GC Heap History (10 events):
Event: 4.258 GC heap before
{Heap before GC invocations=4 (full 1):
 PSYoungGen      total 38400K, used 5117K [0x0000000795580000, 0x000000079a080000, 0x00000007c0000000)
  eden space 33280K, 0% used [0x0000000795580000,0x0000000795580000,0x0000000797600000)
  from space 5120K, 99% used [0x0000000797600000,0x0000000797aff450,0x0000000797b00000)
  to   space 5120K, 0% used [0x0000000799b80000,0x0000000799b80000,0x000000079a080000)
 ParOldGen       total 87552K, used 12616K [0x0000000740000000, 0x0000000745580000, 0x0000000795580000)
  object space 87552K, 14% used [0x0000000740000000,0x0000000740c52008,0x0000000745580000)
 Metaspace       used 20897K, capacity 21216K, committed 21296K, reserved 1069056K
  class space    used 2055K, capacity 2148K, committed 2176K, reserved 1048576K
Event: 4.315 GC heap after
Heap after GC invocations=4 (full 1):
 PSYoungGen      total 38400K, used 0K [0x0000000795580000, 0x000000079a080000, 0x00000007c0000000)
  eden space 33280K, 0% used [0x0000000795580000,0x0000000795580000,0x0000000797600000)
  from space 5120K, 0% used [0x0000000797600000,0x0000000797600000,0x0000000797b00000)
  to   space 5120K, 0% used [0x0000000799b80000,0x0000000799b80000,0x000000079a080000)
 ParOldGen       total 70144K, used 16701K [0x0000000740000000, 0x0000000744480000, 0x0000000795580000)
  object space 70144K, 23% used [0x0000000740000000,0x000000074104f530,0x0000000744480000)
 Metaspace       used 20897K, capacity 21216K, committed 21296K, reserved 1069056K
  class space    used 2055K, capacity 2148K, committed 2176K, reserved 1048576K
}
Event: 6.151 GC heap before
{Heap before GC invocations=5 (full 1):
 PSYoungGen      total 38400K, used 33280K [0x0000000795580000, 0x000000079a080000, 0x00000007c0000000)
  eden space 33280K, 100% used [0x0000000795580000,0x0000000797600000,0x0000000797600000)
  from space 5120K, 0% used [0x0000000797600000,0x0000000797600000,0x0000000797b00000)
  to   space 5120K, 0% used [0x0000000799b80000,0x0000000799b80000,0x000000079a080000)
 ParOldGen       total 70144K, used 16701K [0x0000000740000000, 0x0000000744480000, 0x0000000795580000)
  object space 70144K, 23% used [0x0000000740000000,0x000000074104f530,0x0000000744480000)
 Metaspace       used 26800K, capacity 27124K, committed 27520K, reserved 1075200K
  class space    used 2199K, capacity 2310K, committed 2432K, reserved 1048576K
Event: 6.157 GC heap after
Heap after GC invocations=5 (full 1):
 PSYoungGen      total 59392K, used 5098K [0x0000000795580000, 0x000000079a080000, 0x00000007c0000000)
  eden space 54272K, 0% used [0x0000000795580000,0x0000000795580000,0x0000000798a80000)
  from space 5120K, 99% used [0x0000000799b80000,0x000000079a07aa78,0x000000079a080000)
  to   space 5120K, 0% used [0x0000000799680000,0x0000000799680000,0x0000000799b80000)
 ParOldGen       total 70144K, used 18623K [0x0000000740000000, 0x0000000744480000, 0x0000000795580000)
  object space 70144K, 26% used [0x0000000740000000,0x000000074122fde8,0x0000000744480000)
 Metaspace       used 26800K, capacity 27124K, committed 27520K, reserved 1075200K
  class space    used 2199K, capacity 2310K, committed 2432K, reserved 1048576K
}
Event: 9.004 GC heap before
{Heap before GC invocations=6 (full 1):
 PSYoungGen      total 59392K, used 59370K [0x0000000795580000, 0x000000079a080000, 0x00000007c0000000)
  eden space 54272K, 100% used [0x0000000795580000,0x0000000798a80000,0x0000000798a80000)
  from space 5120K, 99% used [0x0000000799b80000,0x000000079a07aa78,0x000000079a080000)
  to   space 5120K, 0% used [0x0000000799680000,0x0000000799680000,0x0000000799b80000)
 ParOldGen       total 70144K, used 18623K [0x0000000740000000, 0x0000000744480000, 0x0000000795580000)
  object space 70144K, 26% used [0x0000000740000000,0x000000074122fde8,0x0000000744480000)
 Metaspace       used 27344K, capacity 27741K, committed 28032K, reserved 1075200K
  class space    used 2199K, capacity 2310K, committed 2432K, reserved 1048576K
Event: 9.013 GC heap after
Heap after GC invocations=6 (full 1):
 PSYoungGen      total 71680K, used 5107K [0x0000000795580000, 0x000000079c280000, 0x00000007c0000000)
  eden space 66560K, 0% used [0x0000000795580000,0x0000000795580000,0x0000000799680000)
  from space 5120K, 99% used [0x0000000799680000,0x0000000799b7cdb8,0x0000000799b80000)
  to   space 13312K, 0% used [0x000000079b580000,0x000000079b580000,0x000000079c280000)
 ParOldGen       total 70144K, used 22774K [0x0000000740000000, 0x0000000744480000, 0x0000000795580000)
  object space 70144K, 32% used [0x0000000740000000,0x000000074163d8e8,0x0000000744480000)
 Metaspace       used 27344K, capacity 27741K, committed 28032K, reserved 1075200K
  class space    used 2199K, capacity 2310K, committed 2432K, reserved 1048576K
}
Event: 11.961 GC heap before
{Heap before GC invocations=7 (full 1):
 PSYoungGen      total 71680K, used 71667K [0x0000000795580000, 0x000000079c280000, 0x00000007c0000000)
  eden space 66560K, 100% used [0x0000000795580000,0x0000000799680000,0x0000000799680000)
  from space 5120K, 99% used [0x0000000799680000,0x0000000799b7cdb8,0x0000000799b80000)
  to   space 13312K, 0% used [0x000000079b580000,0x000000079b580000,0x000000079c280000)
 ParOldGen       total 70144K, used 22774K [0x0000000740000000, 0x0000000744480000, 0x0000000795580000)
  object space 70144K, 32% used [0x0000000740000000,0x000000074163d8e8,0x0000000744480000)
 Metaspace       used 27781K, capacity 28163K, committed 28544K, reserved 1075200K
  class space    used 2232K, capacity 2343K, committed 2432K, reserved 1048576K
Event: 11.971 GC heap after
Heap after GC invocations=7 (full 1):
 PSYoungGen      total 96768K, used 13306K [0x0000000795580000, 0x000000079d480000, 0x00000007c0000000)
  eden space 83456K, 0% used [0x0000000795580000,0x0000000795580000,0x000000079a700000)
  from space 13312K, 99% used [0x000000079b580000,0x000000079c27ea30,0x000000079c280000)
  to   space 14848K, 0% used [0x000000079a700000,0x000000079a700000,0x000000079b580000)
 ParOldGen       total 70144K, used 22838K [0x0000000740000000, 0x0000000744480000, 0x0000000795580000)
  object space 70144K, 32% used [0x0000000740000000,0x000000074164d878,0x0000000744480000)
 Metaspace       used 27781K, capacity 28163K, committed 28544K, reserved 1075200K
  class space    used 2232K, capacity 2343K, committed 2432K, reserved 1048576K
}
Event: 20.881 GC heap before
{Heap before GC invocations=8 (full 1):
 PSYoungGen      total 96768K, used 96762K [0x0000000795580000, 0x000000079d480000, 0x00000007c0000000)
  eden space 83456K, 100% used [0x0000000795580000,0x000000079a700000,0x000000079a700000)
  from space 13312K, 99% used [0x000000079b580000,0x000000079c27ea30,0x000000079c280000)
  to   space 14848K, 0% used [0x000000079a700000,0x000000079a700000,0x000000079b580000)
 ParOldGen       total 70144K, used 22838K [0x0000000740000000, 0x0000000744480000, 0x0000000795580000)
  object space 70144K, 32% used [0x0000000740000000,0x000000074164d878,0x0000000744480000)
 Metaspace       used 28105K, capacity 28483K, committed 28800K, reserved 1075200K
  class space    used 2233K, capacity 2343K, committed 2432K, reserved 1048576K
Event: 20.897 GC heap after
Heap after GC invocations=8 (full 1):
 PSYoungGen      total 98304K, used 14716K [0x0000000795580000, 0x000000079ec00000, 0x00000007c0000000)
  eden space 83456K, 0% used [0x0000000795580000,0x0000000795580000,0x000000079a700000)
  from space 14848K, 99% used [0x000000079a700000,0x000000079b55f1b8,0x000000079b580000)
  to   space 16896K, 0% used [0x000000079db80000,0x000000079db80000,0x000000079ec00000)
 ParOldGen       total 70144K, used 31038K [0x0000000740000000, 0x0000000744480000, 0x0000000795580000)
  object space 70144K, 44% used [0x0000000740000000,0x0000000741e4fa78,0x0000000744480000)
 Metaspace       used 28105K, capacity 28483K, committed 28800K, reserved 1075200K
  class space    used 2233K, capacity 2343K, committed 2432K, reserved 1048576K
}

