# JRE version: Java(TM) SE Runtime Environment (8.0_144-b01) (build 1.8.0_144-b01)
# Java VM: Java HotSpot(TM) 64-Bit Server VM (25.144-b01 mixed mode bsd-amd64 compressed oops)
Heap:
 PSYoungGen      total 178688K, used 98695K [0x0000000795580000, 0x00000007a4b80000, 0x00000007c0000000)
  eden space 166912K, 52% used [0x0000000795580000,0x000000079aad9a50,0x000000079f880000)
  from space 11776K, 95% used [0x00000007a4000000,0x00000007a4b082b0,0x00000007a4b80000)
  to   space 18944K, 0% used [0x00000007a2680000,0x00000007a2680000,0x00000007a3900000)
 ParOldGen       total 129536K, used 53816K [0x0000000740000000, 0x0000000747e80000, 0x0000000795580000)
  object space 129536K, 41% used [0x0000000740000000,0x000000074348e1e8,0x0000000747e80000)
 Metaspace       used 25213K, capacity 25643K, committed 25984K, reserved 1073152K
  class space    used 2489K, capacity 2624K, committed 2688K, reserved 1048576K
GC Heap History (10 events):
Event: 24.763 GC heap before
{Heap before GC invocations=10 (full 1):
 PSYoungGen      total 152576K, used 152480K [0x0000000795580000, 0x000000079fe00000, 0x00000007c0000000)
  eden space 137216K, 100% used [0x0000000795580000,0x000000079db80000,0x000000079db80000)
  from space 15360K, 99% used [0x000000079ef00000,0x000000079fde83e0,0x000000079fe00000)
  to   space 17408K, 0% used [0x000000079dc00000,0x000000079dc00000,0x000000079ed00000)
 ParOldGen       total 54272K, used 36028K [0x0000000740000000, 0x0000000743500000, 0x0000000795580000)
  object space 54272K, 66% used [0x0000000740000000,0x000000074232f018,0x0000000743500000)
 Metaspace       used 25133K, capacity 25547K, committed 25728K, reserved 1073152K
  class space    used 2479K, capacity 2592K, committed 2688K, reserved 1048576K
Event: 24.776 GC heap after
Heap after GC invocations=10 (full 1):
 PSYoungGen      total 155136K, used 17377K [0x0000000795580000, 0x00000007a2c00000, 0x00000007c0000000)
  eden space 137728K, 0% used [0x0000000795580000,0x0000000795580000,0x000000079dc00000)
  from space 17408K, 99% used [0x000000079dc00000,0x000000079ecf8460,0x000000079ed00000)
  to   space 20992K, 0% used [0x00000007a1780000,0x00000007a1780000,0x00000007a2c00000)
 ParOldGen       total 54272K, used 39304K [0x0000000740000000, 0x0000000743500000, 0x0000000795580000)
  object space 54272K, 72% used [0x0000000740000000,0x00000007426620f8,0x0000000743500000)
 Metaspace       used 25133K, capacity 25547K, committed 25728K, reserved 1073152K
  class space    used 2479K, capacity 2592K, committed 2688K, reserved 1048576K
}
Event: 37.332 GC heap before
{Heap before GC invocations=11 (full 1):
 PSYoungGen      total 155136K, used 155105K [0x0000000795580000, 0x00000007a2c00000, 0x00000007c0000000)
  eden space 137728K, 100% used [0x0000000795580000,0x000000079dc00000,0x000000079dc00000)
  from space 17408K, 99% used [0x000000079dc00000,0x000000079ecf8460,0x000000079ed00000)
  to   space 20992K, 0% used [0x00000007a1780000,0x00000007a1780000,0x00000007a2c00000)
 ParOldGen       total 54272K, used 39304K [0x0000000740000000, 0x0000000743500000, 0x0000000795580000)
  object space 54272K, 72% used [0x0000000740000000,0x00000007426620f8,0x0000000743500000)
 Metaspace       used 25138K, capacity 25547K, committed 25728K, reserved 1073152K
  class space    used 2479K, capacity 2592K, committed 2688K, reserved 1048576K
Event: 37.343 GC heap after
Heap after GC invocations=11 (full 1):
 PSYoungGen      total 187392K, used 9456K [0x0000000795580000, 0x00000007a2580000, 0x00000007c0000000)
  eden space 173056K, 0% used [0x0000000795580000,0x0000000795580000,0x000000079fe80000)
  from space 14336K, 65% used [0x00000007a1780000,0x00000007a20bc250,0x00000007a2580000)
  to   space 19968K, 0% used [0x000000079fe80000,0x000000079fe80000,0x00000007a1200000)
 ParOldGen       total 54272K, used 49400K [0x0000000740000000, 0x0000000743500000, 0x0000000795580000)
  object space 54272K, 91% used [0x0000000740000000,0x000000074303e368,0x0000000743500000)
 Metaspace       used 25138K, capacity 25547K, committed 25728K, reserved 1073152K
  class space    used 2479K, capacity 2592K, committed 2688K, reserved 1048576K
}
Event: 37.343 GC heap before
{Heap before GC invocations=12 (full 2):
 PSYoungGen      total 187392K, used 9456K [0x0000000795580000, 0x00000007a2580000, 0x00000007c0000000)
  eden space 173056K, 0% used [0x0000000795580000,0x0000000795580000,0x000000079fe80000)
  from space 14336K, 65% used [0x00000007a1780000,0x00000007a20bc250,0x00000007a2580000)
  to   space 19968K, 0% used [0x000000079fe80000,0x000000079fe80000,0x00000007a1200000)
 ParOldGen       total 54272K, used 49400K [0x0000000740000000, 0x0000000743500000, 0x0000000795580000)
  object space 54272K, 91% used [0x0000000740000000,0x000000074303e368,0x0000000743500000)
 Metaspace       used 25138K, capacity 25547K, committed 25728K, reserved 1073152K
  class space    used 2479K, capacity 2592K, committed 2688K, reserved 1048576K
Event: 37.440 GC heap after
Heap after GC invocations=12 (full 2):
 PSYoungGen      total 187392K, used 2052K [0x0000000795580000, 0x00000007a2580000, 0x00000007c0000000)
  eden space 173056K, 0% used [0x0000000795580000,0x0000000795580000,0x000000079fe80000)
  from space 14336K, 14% used [0x00000007a1780000,0x00000007a1981078,0x00000007a2580000)
  to   space 19968K, 0% used [0x000000079fe80000,0x000000079fe80000,0x00000007a1200000)
 ParOldGen       total 129536K, used 53808K [0x0000000740000000, 0x0000000747e80000, 0x0000000795580000)
  object space 129536K, 41% used [0x0000000740000000,0x000000074348c1e8,0x0000000747e80000)
 Metaspace       used 25138K, capacity 25547K, committed 25728K, reserved 1073152K
  class space    used 2479K, capacity 2592K, committed 2688K, reserved 1048576K
}
Event: 52.155 GC heap before
{Heap before GC invocations=13 (full 2):
 PSYoungGen      total 187392K, used 175108K [0x0000000795580000, 0x00000007a2580000, 0x00000007c0000000)
  eden space 173056K, 100% used [0x0000000795580000,0x000000079fe80000,0x000000079fe80000)
  from space 14336K, 14% used [0x00000007a1780000,0x00000007a1981078,0x00000007a2580000)
  to   space 19968K, 0% used [0x000000079fe80000,0x000000079fe80000,0x00000007a1200000)
 ParOldGen       total 129536K, used 53808K [0x0000000740000000, 0x0000000747e80000, 0x0000000795580000)
  object space 129536K, 41% used [0x0000000740000000,0x000000074348c1e8,0x0000000747e80000)
 Metaspace       used 25172K, capacity 25547K, committed 25728K, reserved 1073152K
  class space    used 2479K, capacity 2592K, committed 2688K, reserved 1048576K
Event: 52.166 GC heap after
Heap after GC invocations=13 (full 2):
 PSYoungGen      total 193024K, used 11200K [0x0000000795580000, 0x00000007a5300000, 0x00000007c0000000)
  eden space 173056K, 0% used [0x0000000795580000,0x0000000795580000,0x000000079fe80000)
  from space 19968K, 56% used [0x000000079fe80000,0x00000007a09702b0,0x00000007a1200000)
  to   space 19456K, 0% used [0x00000007a4000000,0x00000007a4000000,0x00000007a5300000)
 ParOldGen       total 129536K, used 53816K [0x0000000740000000, 0x0000000747e80000, 0x0000000795580000)
  object space 129536K, 41% used [0x0000000740000000,0x000000074348e1e8,0x0000000747e80000)
 Metaspace       used 25172K, capacity 25547K, committed 25728K, reserved 1073152K
  class space    used 2479K, capacity 2592K, committed 2688K, reserved 1048576K
}
Event: 77.649 GC heap before
{Heap before GC invocations=14 (full 2):
 PSYoungGen      total 193024K, used 184256K [0x0000000795580000, 0x00000007a5300000, 0x00000007c0000000)
  eden space 173056K, 100% used [0x0000000795580000,0x000000079fe80000,0x000000079fe80000)
  from space 19968K, 56% used [0x000000079fe80000,0x00000007a09702b0,0x00000007a1200000)
  to   space 19456K, 0% used [0x00000007a4000000,0x00000007a4000000,0x00000007a5300000)
 ParOldGen       total 129536K, used 53816K [0x0000000740000000, 0x0000000747e80000, 0x0000000795580000)
  object space 129536K, 41% used [0x0000000740000000,0x000000074348e1e8,0x0000000747e80000)
 Metaspace       used 25175K, capacity 25547K, committed 25728K, reserved 1073152K
  class space    used 2479K, capacity 2592K, committed 2688K, reserved 1048576K
Event: 77.659 GC heap after
Heap after GC invocations=14 (full 2):
 PSYoungGen      total 178688K, used 11296K [0x0000000795580000, 0x00000007a4b80000, 0x00000007c0000000)
  eden space 166912K, 0% used [0x0000000795580000,0x0000000795580000,0x000000079f880000)
  from space 11776K, 95% used [0x00000007a4000000,0x00000007a4b082b0,0x00000007a4b80000)
  to   space 18944K, 0% used [0x00000007a2680000,0x00000007a2680000,0x00000007a3900000)
 ParOldGen       total 129536K, used 53816K [0x0000000740000000, 0x0000000747e80000, 0x0000000795580000)
  object space 129536K, 41% used [0x0000000740000000,0x000000074348e1e8,0x0000000747e80000)
 Metaspace       used 25175K, capacity 25547K, committed 25728K, reserved 1073152K
  class space    used 2479K, capacity 2592K, committed 2688K, reserved 1048576K
}

