# JRE version: Java(TM) SE Runtime Environment (8.0_144-b01) (build 1.8.0_144-b01)
# Java VM: Java HotSpot(TM) 64-Bit Server VM (25.144-b01 mixed mode bsd-amd64 compressed oops)
Heap:
 PSYoungGen      total 107520K, used 101282K [0x0000000795580000, 0x00000007a0100000, 0x00000007c0000000)
  eden space 93184K, 94% used [0x0000000795580000,0x000000079ab9c648,0x000000079b080000)
  from space 14336K, 91% used [0x000000079b080000,0x000000079bd4c390,0x000000079be80000)
  to   space 15872K, 0% used [0x000000079f180000,0x000000079f180000,0x00000007a0100000)
 ParOldGen       total 52736K, used 17051K [0x0000000740000000, 0x0000000743380000, 0x0000000795580000)
  object space 52736K, 32% used [0x0000000740000000,0x00000007410a6cc0,0x0000000743380000)
 Metaspace       used 25028K, capacity 25435K, committed 25728K, reserved 1073152K
  class space    used 2499K, capacity 2626K, committed 2688K, reserved 1048576K
GC Heap History (10 events):
Event: 4.775 GC heap before
{Heap before GC invocations=4 (full 1):
 PSYoungGen      total 38400K, used 5090K [0x0000000795580000, 0x000000079a080000, 0x00000007c0000000)
  eden space 33280K, 0% used [0x0000000795580000,0x0000000795580000,0x0000000797600000)
  from space 5120K, 99% used [0x0000000797600000,0x0000000797af8be0,0x0000000797b00000)
  to   space 5120K, 0% used [0x0000000799b80000,0x0000000799b80000,0x000000079a080000)
 ParOldGen       total 87552K, used 3586K [0x0000000740000000, 0x0000000745580000, 0x0000000795580000)
  object space 87552K, 4% used [0x0000000740000000,0x00000007403808f0,0x0000000745580000)
 Metaspace       used 20807K, capacity 21207K, committed 21248K, reserved 1069056K
  class space    used 2166K, capacity 2294K, committed 2304K, reserved 1048576K
Event: 4.812 GC heap after
Heap after GC invocations=4 (full 1):
 PSYoungGen      total 38400K, used 0K [0x0000000795580000, 0x000000079a080000, 0x00000007c0000000)
  eden space 33280K, 0% used [0x0000000795580000,0x0000000795580000,0x0000000797600000)
  from space 5120K, 0% used [0x0000000797600000,0x0000000797600000,0x0000000797b00000)
  to   space 5120K, 0% used [0x0000000799b80000,0x0000000799b80000,0x000000079a080000)
 ParOldGen       total 52736K, used 7373K [0x0000000740000000, 0x0000000743380000, 0x0000000795580000)
  object space 52736K, 13% used [0x0000000740000000,0x00000007407337e0,0x0000000743380000)
 Metaspace       used 20806K, capacity 21205K, committed 21248K, reserved 1069056K
  class space    used 2166K, capacity 2293K, committed 2304K, reserved 1048576K
}
Event: 5.567 GC heap before
{Heap before GC invocations=5 (full 1):
 PSYoungGen      total 38400K, used 33280K [0x0000000795580000, 0x000000079a080000, 0x00000007c0000000)
  eden space 33280K, 100% used [0x0000000795580000,0x0000000797600000,0x0000000797600000)
  from space 5120K, 0% used [0x0000000797600000,0x0000000797600000,0x0000000797b00000)
  to   space 5120K, 0% used [0x0000000799b80000,0x0000000799b80000,0x000000079a080000)
 ParOldGen       total 52736K, used 7373K [0x0000000740000000, 0x0000000743380000, 0x0000000795580000)
  object space 52736K, 13% used [0x0000000740000000,0x00000007407337e0,0x0000000743380000)
 Metaspace       used 23838K, capacity 24201K, committed 24320K, reserved 1071104K
  class space    used 2450K, capacity 2559K, committed 2560K, reserved 1048576K
Event: 5.575 GC heap after
Heap after GC invocations=5 (full 1):
 PSYoungGen      total 62464K, used 5088K [0x0000000795580000, 0x000000079a080000, 0x00000007c0000000)
  eden space 57344K, 0% used [0x0000000795580000,0x0000000795580000,0x0000000798d80000)
  from space 5120K, 99% used [0x0000000799b80000,0x000000079a078200,0x000000079a080000)
  to   space 5120K, 0% used [0x0000000799680000,0x0000000799680000,0x0000000799b80000)
 ParOldGen       total 52736K, used 14794K [0x0000000740000000, 0x0000000743380000, 0x0000000795580000)
  object space 52736K, 28% used [0x0000000740000000,0x0000000740e72b58,0x0000000743380000)
 Metaspace       used 23838K, capacity 24201K, committed 24320K, reserved 1071104K
  class space    used 2450K, capacity 2559K, committed 2560K, reserved 1048576K
}
Event: 9.626 GC heap before
{Heap before GC invocations=6 (full 1):
 PSYoungGen      total 62464K, used 62432K [0x0000000795580000, 0x000000079a080000, 0x00000007c0000000)
  eden space 57344K, 100% used [0x0000000795580000,0x0000000798d80000,0x0000000798d80000)
  from space 5120K, 99% used [0x0000000799b80000,0x000000079a078200,0x000000079a080000)
  to   space 5120K, 0% used [0x0000000799680000,0x0000000799680000,0x0000000799b80000)
 ParOldGen       total 52736K, used 14794K [0x0000000740000000, 0x0000000743380000, 0x0000000795580000)
  object space 52736K, 28% used [0x0000000740000000,0x0000000740e72b58,0x0000000743380000)
 Metaspace       used 24546K, capacity 24955K, committed 25216K, reserved 1071104K
  class space    used 2488K, capacity 2594K, committed 2688K, reserved 1048576K
Event: 9.633 GC heap after
Heap after GC invocations=6 (full 1):
 PSYoungGen      total 71680K, used 5088K [0x0000000795580000, 0x000000079ca80000, 0x00000007c0000000)
  eden space 66560K, 0% used [0x0000000795580000,0x0000000795580000,0x0000000799680000)
  from space 5120K, 99% used [0x0000000799680000,0x0000000799b781c0,0x0000000799b80000)
  to   space 12288K, 0% used [0x000000079be80000,0x000000079be80000,0x000000079ca80000)
 ParOldGen       total 52736K, used 16267K [0x0000000740000000, 0x0000000743380000, 0x0000000795580000)
  object space 52736K, 30% used [0x0000000740000000,0x0000000740fe2c90,0x0000000743380000)
 Metaspace       used 24546K, capacity 24955K, committed 25216K, reserved 1071104K
  class space    used 2488K, capacity 2594K, committed 2688K, reserved 1048576K
}
Event: 11.858 GC heap before
{Heap before GC invocations=7 (full 1):
 PSYoungGen      total 71680K, used 71648K [0x0000000795580000, 0x000000079ca80000, 0x00000007c0000000)
  eden space 66560K, 100% used [0x0000000795580000,0x0000000799680000,0x0000000799680000)
  from space 5120K, 99% used [0x0000000799680000,0x0000000799b781c0,0x0000000799b80000)
  to   space 12288K, 0% used [0x000000079be80000,0x000000079be80000,0x000000079ca80000)
 ParOldGen       total 52736K, used 16267K [0x0000000740000000, 0x0000000743380000, 0x0000000795580000)
  object space 52736K, 30% used [0x0000000740000000,0x0000000740fe2c90,0x0000000743380000)
 Metaspace       used 24722K, capacity 25083K, committed 25216K, reserved 1071104K
  class space    used 2488K, capacity 2594K, committed 2688K, reserved 1048576K
Event: 11.866 GC heap after
Heap after GC invocations=7 (full 1):
 PSYoungGen      total 105472K, used 12080K [0x0000000795580000, 0x000000079da80000, 0x00000007c0000000)
  eden space 93184K, 0% used [0x0000000795580000,0x0000000795580000,0x000000079b080000)
  from space 12288K, 98% used [0x000000079be80000,0x000000079ca4c360,0x000000079ca80000)
  to   space 14336K, 0% used [0x000000079b080000,0x000000079b080000,0x000000079be80000)
 ParOldGen       total 52736K, used 17043K [0x0000000740000000, 0x0000000743380000, 0x0000000795580000)
  object space 52736K, 32% used [0x0000000740000000,0x00000007410a4cc0,0x0000000743380000)
 Metaspace       used 24722K, capacity 25083K, committed 25216K, reserved 1071104K
  class space    used 2488K, capacity 2594K, committed 2688K, reserved 1048576K
}
Event: 22.567 GC heap before
{Heap before GC invocations=8 (full 1):
 PSYoungGen      total 105472K, used 105264K [0x0000000795580000, 0x000000079da80000, 0x00000007c0000000)
  eden space 93184K, 100% used [0x0000000795580000,0x000000079b080000,0x000000079b080000)
  from space 12288K, 98% used [0x000000079be80000,0x000000079ca4c360,0x000000079ca80000)
  to   space 14336K, 0% used [0x000000079b080000,0x000000079b080000,0x000000079be80000)
 ParOldGen       total 52736K, used 17043K [0x0000000740000000, 0x0000000743380000, 0x0000000795580000)
  object space 52736K, 32% used [0x0000000740000000,0x00000007410a4cc0,0x0000000743380000)
 Metaspace       used 24988K, capacity 25435K, committed 25728K, reserved 1073152K
  class space    used 2491K, capacity 2626K, committed 2688K, reserved 1048576K
Event: 22.577 GC heap after
Heap after GC invocations=8 (full 1):
 PSYoungGen      total 107520K, used 13104K [0x0000000795580000, 0x00000007a0100000, 0x00000007c0000000)
  eden space 93184K, 0% used [0x0000000795580000,0x0000000795580000,0x000000079b080000)
  from space 14336K, 91% used [0x000000079b080000,0x000000079bd4c390,0x000000079be80000)
  to   space 15872K, 0% used [0x000000079f180000,0x000000079f180000,0x00000007a0100000)
 ParOldGen       total 52736K, used 17051K [0x0000000740000000, 0x0000000743380000, 0x0000000795580000)
  object space 52736K, 32% used [0x0000000740000000,0x00000007410a6cc0,0x0000000743380000)
 Metaspace       used 24988K, capacity 25435K, committed 25728K, reserved 1073152K
  class space    used 2491K, capacity 2626K, committed 2688K, reserved 1048576K
}

