# JRE version: Java(TM) SE Runtime Environment (8.0_144-b01) (build 1.8.0_144-b01)
# Java VM: Java HotSpot(TM) 64-Bit Server VM (25.144-b01 mixed mode bsd-amd64 compressed oops)
Heap:
 PSYoungGen      total 139776K, used 60524K [0x0000000795580000, 0x000000079f600000, 0x00000007c0000000)
  eden space 121344K, 34% used [0x0000000795580000,0x0000000797eab7c8,0x000000079cc00000)
  from space 18432K, 99% used [0x000000079e080000,0x000000079f26fa00,0x000000079f280000)
  to   space 20992K, 0% used [0x000000079cc00000,0x000000079cc00000,0x000000079e080000)
 ParOldGen       total 56832K, used 28876K [0x0000000740000000, 0x0000000743780000, 0x0000000795580000)
  object space 56832K, 50% used [0x0000000740000000,0x0000000741c330b8,0x0000000743780000)
 Metaspace       used 25111K, capacity 25511K, committed 25728K, reserved 1073152K
  class space    used 2489K, capacity 2624K, committed 2688K, reserved 1048576K
GC Heap History (10 events):
Event: 5.426 GC heap before
{Heap before GC invocations=5 (full 1):
 PSYoungGen      total 38400K, used 33040K [0x0000000795580000, 0x000000079a080000, 0x00000007c0000000)
  eden space 33280K, 99% used [0x0000000795580000,0x00000007975c4028,0x0000000797600000)
  from space 5120K, 0% used [0x0000000797600000,0x0000000797600000,0x0000000797b00000)
  to   space 5120K, 0% used [0x0000000799b80000,0x0000000799b80000,0x000000079a080000)
 ParOldGen       total 56832K, used 7391K [0x0000000740000000, 0x0000000743780000, 0x0000000795580000)
  object space 56832K, 13% used [0x0000000740000000,0x0000000740737e18,0x0000000743780000)
 Metaspace       used 23900K, capacity 24341K, committed 24576K, reserved 1071104K
  class space    used 2444K, capacity 2557K, committed 2560K, reserved 1048576K
Event: 5.436 GC heap after
Heap after GC invocations=5 (full 1):
 PSYoungGen      total 58880K, used 5117K [0x0000000795580000, 0x000000079a080000, 0x00000007c0000000)
  eden space 53760K, 0% used [0x0000000795580000,0x0000000795580000,0x0000000798a00000)
  from space 5120K, 99% used [0x0000000799b80000,0x000000079a07f6b0,0x000000079a080000)
  to   space 5120K, 0% used [0x0000000799680000,0x0000000799680000,0x0000000799b80000)
 ParOldGen       total 56832K, used 14103K [0x0000000740000000, 0x0000000743780000, 0x0000000795580000)
  object space 56832K, 24% used [0x0000000740000000,0x0000000740dc5e88,0x0000000743780000)
 Metaspace       used 23900K, capacity 24341K, committed 24576K, reserved 1071104K
  class space    used 2444K, capacity 2557K, committed 2560K, reserved 1048576K
}
Event: 6.981 GC heap before
{Heap before GC invocations=6 (full 1):
 PSYoungGen      total 58880K, used 58877K [0x0000000795580000, 0x000000079a080000, 0x00000007c0000000)
  eden space 53760K, 100% used [0x0000000795580000,0x0000000798a00000,0x0000000798a00000)
  from space 5120K, 99% used [0x0000000799b80000,0x000000079a07f6b0,0x000000079a080000)
  to   space 5120K, 0% used [0x0000000799680000,0x0000000799680000,0x0000000799b80000)
 ParOldGen       total 56832K, used 14103K [0x0000000740000000, 0x0000000743780000, 0x0000000795580000)
  object space 56832K, 24% used [0x0000000740000000,0x0000000740dc5e88,0x0000000743780000)
 Metaspace       used 24220K, capacity 24609K, committed 24832K, reserved 1071104K
  class space    used 2447K, capacity 2559K, committed 2560K, reserved 1048576K
Event: 6.992 GC heap after
Heap after GC invocations=6 (full 1):
 PSYoungGen      total 71680K, used 5117K [0x0000000795580000, 0x000000079c380000, 0x00000007c0000000)
  eden space 66560K, 0% used [0x0000000795580000,0x0000000795580000,0x0000000799680000)
  from space 5120K, 99% used [0x0000000799680000,0x0000000799b7f6c0,0x0000000799b80000)
  to   space 13824K, 0% used [0x000000079b600000,0x000000079b600000,0x000000079c380000)
 ParOldGen       total 56832K, used 20155K [0x0000000740000000, 0x0000000743780000, 0x0000000795580000)
  object space 56832K, 35% used [0x0000000740000000,0x00000007413aee98,0x0000000743780000)
 Metaspace       used 24220K, capacity 24609K, committed 24832K, reserved 1071104K
  class space    used 2447K, capacity 2559K, committed 2560K, reserved 1048576K
}
Event: 7.806 GC heap before
{Heap before GC invocations=7 (full 1):
 PSYoungGen      total 71680K, used 71677K [0x0000000795580000, 0x000000079c380000, 0x00000007c0000000)
  eden space 66560K, 100% used [0x0000000795580000,0x0000000799680000,0x0000000799680000)
  from space 5120K, 99% used [0x0000000799680000,0x0000000799b7f6c0,0x0000000799b80000)
  to   space 13824K, 0% used [0x000000079b600000,0x000000079b600000,0x000000079c380000)
 ParOldGen       total 56832K, used 20155K [0x0000000740000000, 0x0000000743780000, 0x0000000795580000)
  object space 56832K, 35% used [0x0000000740000000,0x00000007413aee98,0x0000000743780000)
 Metaspace       used 24541K, capacity 24967K, committed 25216K, reserved 1071104K
  class space    used 2480K, capacity 2592K, committed 2688K, reserved 1048576K
Event: 7.814 GC heap after
Heap after GC invocations=7 (full 1):
 PSYoungGen      total 96256K, used 13726K [0x0000000795580000, 0x000000079db80000, 0x00000007c0000000)
  eden space 82432K, 0% used [0x0000000795580000,0x0000000795580000,0x000000079a600000)
  from space 13824K, 99% used [0x000000079b600000,0x000000079c367b10,0x000000079c380000)
  to   space 16384K, 0% used [0x000000079a600000,0x000000079a600000,0x000000079b600000)
 ParOldGen       total 56832K, used 21699K [0x0000000740000000, 0x0000000743780000, 0x0000000795580000)
  object space 56832K, 38% used [0x0000000740000000,0x0000000741530ef8,0x0000000743780000)
 Metaspace       used 24541K, capacity 24967K, committed 25216K, reserved 1071104K
  class space    used 2480K, capacity 2592K, committed 2688K, reserved 1048576K
}
Event: 14.989 GC heap before
{Heap before GC invocations=8 (full 1):
 PSYoungGen      total 96256K, used 95944K [0x0000000795580000, 0x000000079db80000, 0x00000007c0000000)
  eden space 82432K, 99% used [0x0000000795580000,0x000000079a5ca550,0x000000079a600000)
  from space 13824K, 99% used [0x000000079b600000,0x000000079c367b10,0x000000079c380000)
  to   space 16384K, 0% used [0x000000079a600000,0x000000079a600000,0x000000079b600000)
 ParOldGen       total 56832K, used 21699K [0x0000000740000000, 0x0000000743780000, 0x0000000795580000)
  object space 56832K, 38% used [0x0000000740000000,0x0000000741530ef8,0x0000000743780000)
 Metaspace       used 24961K, capacity 25351K, committed 25728K, reserved 1073152K
  class space    used 2481K, capacity 2592K, committed 2688K, reserved 1048576K
Event: 14.998 GC heap after
Heap after GC invocations=8 (full 1):
 PSYoungGen      total 98816K, used 15502K [0x0000000795580000, 0x000000079f280000, 0x00000007c0000000)
  eden space 82432K, 0% used [0x0000000795580000,0x0000000795580000,0x000000079a600000)
  from space 16384K, 94% used [0x000000079a600000,0x000000079b523930,0x000000079b600000)
  to   space 18432K, 0% used [0x000000079e080000,0x000000079e080000,0x000000079f280000)
 ParOldGen       total 56832K, used 21707K [0x0000000740000000, 0x0000000743780000, 0x0000000795580000)
  object space 56832K, 38% used [0x0000000740000000,0x0000000741532ef8,0x0000000743780000)
 Metaspace       used 24961K, capacity 25351K, committed 25728K, reserved 1073152K
  class space    used 2481K, capacity 2592K, committed 2688K, reserved 1048576K
}
Event: 17.424 GC heap before
{Heap before GC invocations=9 (full 1):
 PSYoungGen      total 98816K, used 97928K [0x0000000795580000, 0x000000079f280000, 0x00000007c0000000)
  eden space 82432K, 99% used [0x0000000795580000,0x000000079a5fe9a0,0x000000079a600000)
  from space 16384K, 94% used [0x000000079a600000,0x000000079b523930,0x000000079b600000)
  to   space 18432K, 0% used [0x000000079e080000,0x000000079e080000,0x000000079f280000)
 ParOldGen       total 56832K, used 21707K [0x0000000740000000, 0x0000000743780000, 0x0000000795580000)
  object space 56832K, 38% used [0x0000000740000000,0x0000000741532ef8,0x0000000743780000)
 Metaspace       used 25069K, capacity 25479K, committed 25728K, reserved 1073152K
  class space    used 2481K, capacity 2592K, committed 2688K, reserved 1048576K
Event: 17.440 GC heap after
Heap after GC invocations=9 (full 1):
 PSYoungGen      total 139776K, used 18366K [0x0000000795580000, 0x000000079f600000, 0x00000007c0000000)
  eden space 121344K, 0% used [0x0000000795580000,0x0000000795580000,0x000000079cc00000)
  from space 18432K, 99% used [0x000000079e080000,0x000000079f26fa00,0x000000079f280000)
  to   space 20992K, 0% used [0x000000079cc00000,0x000000079cc00000,0x000000079e080000)
 ParOldGen       total 56832K, used 28876K [0x0000000740000000, 0x0000000743780000, 0x0000000795580000)
  object space 56832K, 50% used [0x0000000740000000,0x0000000741c330b8,0x0000000743780000)
 Metaspace       used 25069K, capacity 25479K, committed 25728K, reserved 1073152K
  class space    used 2481K, capacity 2592K, committed 2688K, reserved 1048576K
}

