# JRE version: Java(TM) SE Runtime Environment (8.0_144-b01) (build 1.8.0_144-b01)
# Java VM: Java HotSpot(TM) 64-Bit Server VM (25.144-b01 mixed mode bsd-amd64 compressed oops)
Heap:
 PSYoungGen      total 160768K, used 90614K [0x0000000795580000, 0x00000007a0d00000, 0x00000007c0000000)
  eden space 137728K, 51% used [0x0000000795580000,0x0000000799a9a020,0x000000079dc00000)
  from space 23040K, 86% used [0x000000079f600000,0x00000007a0963a30,0x00000007a0c80000)
  to   space 25088K, 0% used [0x000000079dc00000,0x000000079dc00000,0x000000079f480000)
 ParOldGen       total 56832K, used 25944K [0x0000000740000000, 0x0000000743780000, 0x0000000795580000)
  object space 56832K, 45% used [0x0000000740000000,0x00000007419563f8,0x0000000743780000)
 Metaspace       used 25106K, capacity 25511K, committed 25728K, reserved 1073152K
  class space    used 2489K, capacity 2624K, committed 2688K, reserved 1048576K
GC Heap History (10 events):
Event: 8.130 GC heap before
{Heap before GC invocations=7 (full 1):
 PSYoungGen      total 71680K, used 71587K [0x0000000795580000, 0x000000079bf00000, 0x00000007c0000000)
  eden space 66560K, 100% used [0x0000000795580000,0x0000000799680000,0x0000000799680000)
  from space 5120K, 98% used [0x0000000799680000,0x0000000799b68e30,0x0000000799b80000)
  to   space 12800K, 0% used [0x000000079b280000,0x000000079b280000,0x000000079bf00000)
 ParOldGen       total 56832K, used 20024K [0x0000000740000000, 0x0000000743780000, 0x0000000795580000)
  object space 56832K, 35% used [0x0000000740000000,0x000000074138e288,0x0000000743780000)
 Metaspace       used 24551K, capacity 24903K, committed 25216K, reserved 1071104K
  class space    used 2479K, capacity 2592K, committed 2688K, reserved 1048576K
Event: 8.142 GC heap after
Heap after GC invocations=7 (full 1):
 PSYoungGen      total 93184K, used 12734K [0x0000000795580000, 0x000000079d700000, 0x00000007c0000000)
  eden space 80384K, 0% used [0x0000000795580000,0x0000000795580000,0x000000079a400000)
  from space 12800K, 99% used [0x000000079b280000,0x000000079beef880,0x000000079bf00000)
  to   space 14848K, 0% used [0x000000079a400000,0x000000079a400000,0x000000079b280000)
 ParOldGen       total 56832K, used 21312K [0x0000000740000000, 0x0000000743780000, 0x0000000795580000)
  object space 56832K, 37% used [0x0000000740000000,0x00000007414d02d8,0x0000000743780000)
 Metaspace       used 24551K, capacity 24903K, committed 25216K, reserved 1071104K
  class space    used 2479K, capacity 2592K, committed 2688K, reserved 1048576K
}
Event: 13.703 GC heap before
{Heap before GC invocations=8 (full 1):
 PSYoungGen      total 93184K, used 93118K [0x0000000795580000, 0x000000079d700000, 0x00000007c0000000)
  eden space 80384K, 100% used [0x0000000795580000,0x000000079a400000,0x000000079a400000)
  from space 12800K, 99% used [0x000000079b280000,0x000000079beef880,0x000000079bf00000)
  to   space 14848K, 0% used [0x000000079a400000,0x000000079a400000,0x000000079b280000)
 ParOldGen       total 56832K, used 21312K [0x0000000740000000, 0x0000000743780000, 0x0000000795580000)
  object space 56832K, 37% used [0x0000000740000000,0x00000007414d02d8,0x0000000743780000)
 Metaspace       used 24944K, capacity 25351K, committed 25728K, reserved 1073152K
  class space    used 2480K, capacity 2592K, committed 2688K, reserved 1048576K
Event: 13.713 GC heap after
Heap after GC invocations=8 (full 1):
 PSYoungGen      total 95232K, used 14830K [0x0000000795580000, 0x000000079ec00000, 0x00000007c0000000)
  eden space 80384K, 0% used [0x0000000795580000,0x0000000795580000,0x000000079a400000)
  from space 14848K, 99% used [0x000000079a400000,0x000000079b27b910,0x000000079b280000)
  to   space 17408K, 0% used [0x000000079db00000,0x000000079db00000,0x000000079ec00000)
 ParOldGen       total 56832K, used 21832K [0x0000000740000000, 0x0000000743780000, 0x0000000795580000)
  object space 56832K, 38% used [0x0000000740000000,0x00000007415522f8,0x0000000743780000)
 Metaspace       used 24944K, capacity 25351K, committed 25728K, reserved 1073152K
  class space    used 2480K, capacity 2592K, committed 2688K, reserved 1048576K
}
Event: 18.531 GC heap before
{Heap before GC invocations=9 (full 1):
 PSYoungGen      total 95232K, used 95061K [0x0000000795580000, 0x000000079ec00000, 0x00000007c0000000)
  eden space 80384K, 99% used [0x0000000795580000,0x000000079a3d9ce0,0x000000079a400000)
  from space 14848K, 99% used [0x000000079a400000,0x000000079b27b910,0x000000079b280000)
  to   space 17408K, 0% used [0x000000079db00000,0x000000079db00000,0x000000079ec00000)
 ParOldGen       total 56832K, used 21832K [0x0000000740000000, 0x0000000743780000, 0x0000000795580000)
  object space 56832K, 38% used [0x0000000740000000,0x00000007415522f8,0x0000000743780000)
 Metaspace       used 25049K, capacity 25415K, committed 25728K, reserved 1073152K
  class space    used 2480K, capacity 2592K, committed 2688K, reserved 1048576K
Event: 18.543 GC heap after
Heap after GC invocations=9 (full 1):
 PSYoungGen      total 132608K, used 17310K [0x0000000795580000, 0x000000079ed00000, 0x00000007c0000000)
  eden space 115200K, 0% used [0x0000000795580000,0x0000000795580000,0x000000079c600000)
  from space 17408K, 99% used [0x000000079db00000,0x000000079ebe79b0,0x000000079ec00000)
  to   space 19968K, 0% used [0x000000079c600000,0x000000079c600000,0x000000079d980000)
 ParOldGen       total 56832K, used 25424K [0x0000000740000000, 0x0000000743780000, 0x0000000795580000)
  object space 56832K, 44% used [0x0000000740000000,0x00000007418d43d8,0x0000000743780000)
 Metaspace       used 25049K, capacity 25415K, committed 25728K, reserved 1073152K
  class space    used 2480K, capacity 2592K, committed 2688K, reserved 1048576K
}
Event: 28.458 GC heap before
{Heap before GC invocations=10 (full 1):
 PSYoungGen      total 132608K, used 132510K [0x0000000795580000, 0x000000079ed00000, 0x00000007c0000000)
  eden space 115200K, 100% used [0x0000000795580000,0x000000079c600000,0x000000079c600000)
  from space 17408K, 99% used [0x000000079db00000,0x000000079ebe79b0,0x000000079ec00000)
  to   space 19968K, 0% used [0x000000079c600000,0x000000079c600000,0x000000079d980000)
 ParOldGen       total 56832K, used 25424K [0x0000000740000000, 0x0000000743780000, 0x0000000795580000)
  object space 56832K, 44% used [0x0000000740000000,0x00000007418d43d8,0x0000000743780000)
 Metaspace       used 25065K, capacity 25479K, committed 25728K, reserved 1073152K
  class space    used 2480K, capacity 2592K, committed 2688K, reserved 1048576K
Event: 28.469 GC heap after
Heap after GC invocations=10 (full 1):
 PSYoungGen      total 135168K, used 19822K [0x0000000795580000, 0x00000007a0c80000, 0x00000007c0000000)
  eden space 115200K, 0% used [0x0000000795580000,0x0000000795580000,0x000000079c600000)
  from space 19968K, 99% used [0x000000079c600000,0x000000079d95ba30,0x000000079d980000)
  to   space 23040K, 0% used [0x000000079f600000,0x000000079f600000,0x00000007a0c80000)
 ParOldGen       total 56832K, used 25944K [0x0000000740000000, 0x0000000743780000, 0x0000000795580000)
  object space 56832K, 45% used [0x0000000740000000,0x00000007419563f8,0x0000000743780000)
 Metaspace       used 25065K, capacity 25479K, committed 25728K, reserved 1073152K
  class space    used 2480K, capacity 2592K, committed 2688K, reserved 1048576K
}
Event: 41.265 GC heap before
{Heap before GC invocations=11 (full 1):
 PSYoungGen      total 135168K, used 135022K [0x0000000795580000, 0x00000007a0c80000, 0x00000007c0000000)
  eden space 115200K, 100% used [0x0000000795580000,0x000000079c600000,0x000000079c600000)
  from space 19968K, 99% used [0x000000079c600000,0x000000079d95ba30,0x000000079d980000)
  to   space 23040K, 0% used [0x000000079f600000,0x000000079f600000,0x00000007a0c80000)
 ParOldGen       total 56832K, used 25944K [0x0000000740000000, 0x0000000743780000, 0x0000000795580000)
  object space 56832K, 45% used [0x0000000740000000,0x00000007419563f8,0x0000000743780000)
 Metaspace       used 25068K, capacity 25479K, committed 25728K, reserved 1073152K
  class space    used 2480K, capacity 2592K, committed 2688K, reserved 1048576K
Event: 41.276 GC heap after
Heap after GC invocations=11 (full 1):
 PSYoungGen      total 160768K, used 19854K [0x0000000795580000, 0x00000007a0d00000, 0x00000007c0000000)
  eden space 137728K, 0% used [0x0000000795580000,0x0000000795580000,0x000000079dc00000)
  from space 23040K, 86% used [0x000000079f600000,0x00000007a0963a30,0x00000007a0c80000)
  to   space 25088K, 0% used [0x000000079dc00000,0x000000079dc00000,0x000000079f480000)
 ParOldGen       total 56832K, used 25944K [0x0000000740000000, 0x0000000743780000, 0x0000000795580000)
  object space 56832K, 45% used [0x0000000740000000,0x00000007419563f8,0x0000000743780000)
 Metaspace       used 25068K, capacity 25479K, committed 25728K, reserved 1073152K
  class space    used 2480K, capacity 2592K, committed 2688K, reserved 1048576K
}

