# JRE version: Java(TM) SE Runtime Environment (8.0_144-b01) (build 1.8.0_144-b01)
# Java VM: Java HotSpot(TM) 64-Bit Server VM (25.144-b01 mixed mode bsd-amd64 compressed oops)
Heap:
 PSYoungGen      total 107520K, used 80616K [0x0000000795580000, 0x000000079ff00000, 0x00000007c0000000)
  eden space 95232K, 72% used [0x0000000795580000,0x000000079991acd8,0x000000079b280000)
  from space 12288K, 92% used [0x000000079b280000,0x000000079bd9f680,0x000000079be80000)
  to   space 13824K, 0% used [0x000000079f180000,0x000000079f180000,0x000000079ff00000)
 ParOldGen       total 52736K, used 16254K [0x0000000740000000, 0x0000000743380000, 0x0000000795580000)
  object space 52736K, 30% used [0x0000000740000000,0x0000000740fdf900,0x0000000743380000)
 Metaspace       used 25000K, capacity 25425K, committed 25728K, reserved 1073152K
  class space    used 2493K, capacity 2623K, committed 2688K, reserved 1048576K
GC Heap History (10 events):
Event: 4.089 GC heap before
{Heap before GC invocations=4 (full 1):
 PSYoungGen      total 38400K, used 5089K [0x0000000795580000, 0x000000079a080000, 0x00000007c0000000)
  eden space 33280K, 0% used [0x0000000795580000,0x0000000795580000,0x0000000797600000)
  from space 5120K, 99% used [0x0000000797600000,0x0000000797af8780,0x0000000797b00000)
  to   space 5120K, 0% used [0x0000000799b80000,0x0000000799b80000,0x000000079a080000)
 ParOldGen       total 87552K, used 3553K [0x0000000740000000, 0x0000000745580000, 0x0000000795580000)
  object space 87552K, 4% used [0x0000000740000000,0x0000000740378580,0x0000000745580000)
 Metaspace       used 20795K, capacity 21205K, committed 21248K, reserved 1069056K
  class space    used 2162K, capacity 2293K, committed 2304K, reserved 1048576K
Event: 4.127 GC heap after
Heap after GC invocations=4 (full 1):
 PSYoungGen      total 38400K, used 0K [0x0000000795580000, 0x000000079a080000, 0x00000007c0000000)
  eden space 33280K, 0% used [0x0000000795580000,0x0000000795580000,0x0000000797600000)
  from space 5120K, 0% used [0x0000000797600000,0x0000000797600000,0x0000000797b00000)
  to   space 5120K, 0% used [0x0000000799b80000,0x0000000799b80000,0x000000079a080000)
 ParOldGen       total 52736K, used 7374K [0x0000000740000000, 0x0000000743380000, 0x0000000795580000)
  object space 52736K, 13% used [0x0000000740000000,0x0000000740733838,0x0000000743380000)
 Metaspace       used 20795K, capacity 21205K, committed 21248K, reserved 1069056K
  class space    used 2162K, capacity 2293K, committed 2304K, reserved 1048576K
}
Event: 4.957 GC heap before
{Heap before GC invocations=5 (full 1):
 PSYoungGen      total 38400K, used 33280K [0x0000000795580000, 0x000000079a080000, 0x00000007c0000000)
  eden space 33280K, 100% used [0x0000000795580000,0x0000000797600000,0x0000000797600000)
  from space 5120K, 0% used [0x0000000797600000,0x0000000797600000,0x0000000797b00000)
  to   space 5120K, 0% used [0x0000000799b80000,0x0000000799b80000,0x000000079a080000)
 ParOldGen       total 52736K, used 7374K [0x0000000740000000, 0x0000000743380000, 0x0000000795580000)
  object space 52736K, 13% used [0x0000000740000000,0x0000000740733838,0x0000000743380000)
 Metaspace       used 23801K, capacity 24187K, committed 24320K, reserved 1071104K
  class space    used 2443K, capacity 2556K, committed 2560K, reserved 1048576K
Event: 4.967 GC heap after
Heap after GC invocations=5 (full 1):
 PSYoungGen      total 62464K, used 5117K [0x0000000795580000, 0x000000079a080000, 0x00000007c0000000)
  eden space 57344K, 0% used [0x0000000795580000,0x0000000795580000,0x0000000798d80000)
  from space 5120K, 99% used [0x0000000799b80000,0x000000079a07f540,0x000000079a080000)
  to   space 5120K, 0% used [0x0000000799680000,0x0000000799680000,0x0000000799b80000)
 ParOldGen       total 52736K, used 14182K [0x0000000740000000, 0x0000000743380000, 0x0000000795580000)
  object space 52736K, 26% used [0x0000000740000000,0x0000000740dd9880,0x0000000743380000)
 Metaspace       used 23801K, capacity 24187K, committed 24320K, reserved 1071104K
  class space    used 2443K, capacity 2556K, committed 2560K, reserved 1048576K
}
Event: 8.411 GC heap before
{Heap before GC invocations=6 (full 1):
 PSYoungGen      total 62464K, used 62461K [0x0000000795580000, 0x000000079a080000, 0x00000007c0000000)
  eden space 57344K, 100% used [0x0000000795580000,0x0000000798d80000,0x0000000798d80000)
  from space 5120K, 99% used [0x0000000799b80000,0x000000079a07f540,0x000000079a080000)
  to   space 5120K, 0% used [0x0000000799680000,0x0000000799680000,0x0000000799b80000)
 ParOldGen       total 52736K, used 14182K [0x0000000740000000, 0x0000000743380000, 0x0000000795580000)
  object space 52736K, 26% used [0x0000000740000000,0x0000000740dd9880,0x0000000743380000)
 Metaspace       used 24388K, capacity 24779K, committed 25088K, reserved 1071104K
  class space    used 2448K, capacity 2558K, committed 2560K, reserved 1048576K
Event: 8.416 GC heap after
Heap after GC invocations=6 (full 1):
 PSYoungGen      total 71680K, used 5085K [0x0000000795580000, 0x000000079ca80000, 0x00000007c0000000)
  eden space 66560K, 0% used [0x0000000795580000,0x0000000795580000,0x0000000799680000)
  from space 5120K, 99% used [0x0000000799680000,0x0000000799b77520,0x0000000799b80000)
  to   space 12288K, 0% used [0x000000079be80000,0x000000079be80000,0x000000079ca80000)
 ParOldGen       total 52736K, used 16238K [0x0000000740000000, 0x0000000743380000, 0x0000000795580000)
  object space 52736K, 30% used [0x0000000740000000,0x0000000740fdb900,0x0000000743380000)
 Metaspace       used 24388K, capacity 24779K, committed 25088K, reserved 1071104K
  class space    used 2448K, capacity 2558K, committed 2560K, reserved 1048576K
}
Event: 13.416 GC heap before
{Heap before GC invocations=7 (full 1):
 PSYoungGen      total 71680K, used 71645K [0x0000000795580000, 0x000000079ca80000, 0x00000007c0000000)
  eden space 66560K, 100% used [0x0000000795580000,0x0000000799680000,0x0000000799680000)
  from space 5120K, 99% used [0x0000000799680000,0x0000000799b77520,0x0000000799b80000)
  to   space 12288K, 0% used [0x000000079be80000,0x000000079be80000,0x000000079ca80000)
 ParOldGen       total 52736K, used 16238K [0x0000000740000000, 0x0000000743380000, 0x0000000795580000)
  object space 52736K, 30% used [0x0000000740000000,0x0000000740fdb900,0x0000000743380000)
 Metaspace       used 24653K, capacity 25035K, committed 25344K, reserved 1073152K
  class space    used 2448K, capacity 2558K, committed 2560K, reserved 1048576K
Event: 13.421 GC heap after
Heap after GC invocations=7 (full 1):
 PSYoungGen      total 107520K, used 5117K [0x0000000795580000, 0x000000079d580000, 0x00000007c0000000)
  eden space 95232K, 0% used [0x0000000795580000,0x0000000795580000,0x000000079b280000)
  from space 12288K, 41% used [0x000000079be80000,0x000000079c37f520,0x000000079ca80000)
  to   space 12288K, 0% used [0x000000079b280000,0x000000079b280000,0x000000079be80000)
 ParOldGen       total 52736K, used 16246K [0x0000000740000000, 0x0000000743380000, 0x0000000795580000)
  object space 52736K, 30% used [0x0000000740000000,0x0000000740fdd900,0x0000000743380000)
 Metaspace       used 24653K, capacity 25035K, committed 25344K, reserved 1073152K
  class space    used 2448K, capacity 2558K, committed 2560K, reserved 1048576K
}
Event: 21.601 GC heap before
{Heap before GC invocations=8 (full 1):
 PSYoungGen      total 107520K, used 100267K [0x0000000795580000, 0x000000079d580000, 0x00000007c0000000)
  eden space 95232K, 99% used [0x0000000795580000,0x000000079b26b840,0x000000079b280000)
  from space 12288K, 41% used [0x000000079be80000,0x000000079c37f520,0x000000079ca80000)
  to   space 12288K, 0% used [0x000000079b280000,0x000000079b280000,0x000000079be80000)
 ParOldGen       total 52736K, used 16246K [0x0000000740000000, 0x0000000743380000, 0x0000000795580000)
  object space 52736K, 30% used [0x0000000740000000,0x0000000740fdd900,0x0000000743380000)
 Metaspace       used 24927K, capacity 25329K, committed 25728K, reserved 1073152K
  class space    used 2482K, capacity 2591K, committed 2688K, reserved 1048576K
Event: 21.608 GC heap after
Heap after GC invocations=8 (full 1):
 PSYoungGen      total 107520K, used 11389K [0x0000000795580000, 0x000000079ff00000, 0x00000007c0000000)
  eden space 95232K, 0% used [0x0000000795580000,0x0000000795580000,0x000000079b280000)
  from space 12288K, 92% used [0x000000079b280000,0x000000079bd9f680,0x000000079be80000)
  to   space 13824K, 0% used [0x000000079f180000,0x000000079f180000,0x000000079ff00000)
 ParOldGen       total 52736K, used 16254K [0x0000000740000000, 0x0000000743380000, 0x0000000795580000)
  object space 52736K, 30% used [0x0000000740000000,0x0000000740fdf900,0x0000000743380000)
 Metaspace       used 24927K, capacity 25329K, committed 25728K, reserved 1073152K
  class space    used 2482K, capacity 2591K, committed 2688K, reserved 1048576K
}

