# JRE version: Java(TM) SE Runtime Environment (8.0_144-b01) (build 1.8.0_144-b01)
# Java VM: Java HotSpot(TM) 64-Bit Server VM (25.144-b01 mixed mode bsd-amd64 compressed oops)
Heap:
 PSYoungGen      total 188928K, used 54547K [0x0000000795580000, 0x00000007a4300000, 0x00000007c0000000)
  eden space 169984K, 20% used [0x0000000795580000,0x0000000797845798,0x000000079fb80000)
  from space 18944K, 99% used [0x000000079fb80000,0x00000007a0dff7d0,0x00000007a0e00000)
  to   space 21504K, 0% used [0x00000007a2e00000,0x00000007a2e00000,0x00000007a4300000)
 ParOldGen       total 52736K, used 30091K [0x0000000740000000, 0x0000000743380000, 0x0000000795580000)
  object space 52736K, 57% used [0x0000000740000000,0x0000000741d62f70,0x0000000743380000)
 Metaspace       used 25161K, capacity 25585K, committed 25728K, reserved 1073152K
  class space    used 2498K, capacity 2627K, committed 2688K, reserved 1048576K
GC Heap History (10 events):
Event: 21.480 GC heap before
{Heap before GC invocations=8 (full 1):
 PSYoungGen      total 108032K, used 100221K [0x0000000795580000, 0x000000079d480000, 0x00000007c0000000)
  eden space 95232K, 100% used [0x0000000795580000,0x000000079b280000,0x000000079b280000)
  from space 12800K, 38% used [0x000000079be80000,0x000000079c35f460,0x000000079cb00000)
  to   space 12288K, 0% used [0x000000079b280000,0x000000079b280000,0x000000079be80000)
 ParOldGen       total 52736K, used 16747K [0x0000000740000000, 0x0000000743380000, 0x0000000795580000)
  object space 52736K, 31% used [0x0000000740000000,0x000000074105ac30,0x0000000743380000)
 Metaspace       used 24950K, capacity 25361K, committed 25728K, reserved 1073152K
  class space    used 2486K, capacity 2595K, committed 2688K, reserved 1048576K
Event: 21.489 GC heap after
Heap after GC invocations=8 (full 1):
 PSYoungGen      total 107520K, used 11709K [0x0000000795580000, 0x000000079fe80000, 0x00000007c0000000)
  eden space 95232K, 0% used [0x0000000795580000,0x0000000795580000,0x000000079b280000)
  from space 12288K, 95% used [0x000000079b280000,0x000000079bdef650,0x000000079be80000)
  to   space 13824K, 0% used [0x000000079f100000,0x000000079f100000,0x000000079fe80000)
 ParOldGen       total 52736K, used 16755K [0x0000000740000000, 0x0000000743380000, 0x0000000795580000)
  object space 52736K, 31% used [0x0000000740000000,0x000000074105cc30,0x0000000743380000)
 Metaspace       used 24950K, capacity 25361K, committed 25728K, reserved 1073152K
  class space    used 2486K, capacity 2595K, committed 2688K, reserved 1048576K
}
Event: 32.886 GC heap before
{Heap before GC invocations=9 (full 1):
 PSYoungGen      total 107520K, used 106941K [0x0000000795580000, 0x000000079fe80000, 0x00000007c0000000)
  eden space 95232K, 100% used [0x0000000795580000,0x000000079b280000,0x000000079b280000)
  from space 12288K, 95% used [0x000000079b280000,0x000000079bdef650,0x000000079be80000)
  to   space 13824K, 0% used [0x000000079f100000,0x000000079f100000,0x000000079fe80000)
 ParOldGen       total 52736K, used 16755K [0x0000000740000000, 0x0000000743380000, 0x0000000795580000)
  object space 52736K, 31% used [0x0000000740000000,0x000000074105cc30,0x0000000743380000)
 Metaspace       used 24951K, capacity 25361K, committed 25728K, reserved 1073152K
  class space    used 2486K, capacity 2595K, committed 2688K, reserved 1048576K
Event: 32.895 GC heap after
Heap after GC invocations=9 (full 1):
 PSYoungGen      total 150528K, used 11501K [0x0000000795580000, 0x000000079fc80000, 0x00000007c0000000)
  eden space 138752K, 0% used [0x0000000795580000,0x0000000795580000,0x000000079dd00000)
  from space 11776K, 97% used [0x000000079f100000,0x000000079fc3b600,0x000000079fc80000)
  to   space 14848K, 0% used [0x000000079df80000,0x000000079df80000,0x000000079ee00000)
 ParOldGen       total 52736K, used 16755K [0x0000000740000000, 0x0000000743380000, 0x0000000795580000)
  object space 52736K, 31% used [0x0000000740000000,0x000000074105cc30,0x0000000743380000)
 Metaspace       used 24951K, capacity 25361K, committed 25728K, reserved 1073152K
  class space    used 2486K, capacity 2595K, committed 2688K, reserved 1048576K
}
Event: 41.738 GC heap before
{Heap before GC invocations=10 (full 1):
 PSYoungGen      total 150528K, used 150253K [0x0000000795580000, 0x000000079fc80000, 0x00000007c0000000)
  eden space 138752K, 100% used [0x0000000795580000,0x000000079dd00000,0x000000079dd00000)
  from space 11776K, 97% used [0x000000079f100000,0x000000079fc3b600,0x000000079fc80000)
  to   space 14848K, 0% used [0x000000079df80000,0x000000079df80000,0x000000079ee00000)
 ParOldGen       total 52736K, used 16755K [0x0000000740000000, 0x0000000743380000, 0x0000000795580000)
  object space 52736K, 31% used [0x0000000740000000,0x000000074105cc30,0x0000000743380000)
 Metaspace       used 24999K, capacity 25361K, committed 25728K, reserved 1073152K
  class space    used 2486K, capacity 2595K, committed 2688K, reserved 1048576K
Event: 41.750 GC heap after
Heap after GC invocations=10 (full 1):
 PSYoungGen      total 156160K, used 14717K [0x0000000795580000, 0x00000007a1e80000, 0x00000007c0000000)
  eden space 141312K, 0% used [0x0000000795580000,0x0000000795580000,0x000000079df80000)
  from space 14848K, 99% used [0x000000079df80000,0x000000079eddf700,0x000000079ee00000)
  to   space 16896K, 0% used [0x00000007a0e00000,0x00000007a0e00000,0x00000007a1e80000)
 ParOldGen       total 52736K, used 22395K [0x0000000740000000, 0x0000000743380000, 0x0000000795580000)
  object space 52736K, 42% used [0x0000000740000000,0x00000007415ded90,0x0000000743380000)
 Metaspace       used 24999K, capacity 25361K, committed 25728K, reserved 1073152K
  class space    used 2486K, capacity 2595K, committed 2688K, reserved 1048576K
}
Event: 52.543 GC heap before
{Heap before GC invocations=11 (full 1):
 PSYoungGen      total 156160K, used 156029K [0x0000000795580000, 0x00000007a1e80000, 0x00000007c0000000)
  eden space 141312K, 100% used [0x0000000795580000,0x000000079df80000,0x000000079df80000)
  from space 14848K, 99% used [0x000000079df80000,0x000000079eddf700,0x000000079ee00000)
  to   space 16896K, 0% used [0x00000007a0e00000,0x00000007a0e00000,0x00000007a1e80000)
 ParOldGen       total 52736K, used 22395K [0x0000000740000000, 0x0000000743380000, 0x0000000795580000)
  object space 52736K, 42% used [0x0000000740000000,0x00000007415ded90,0x0000000743380000)
 Metaspace       used 25102K, capacity 25489K, committed 25728K, reserved 1073152K
  class space    used 2487K, capacity 2595K, committed 2688K, reserved 1048576K
Event: 52.556 GC heap after
Heap after GC invocations=11 (full 1):
 PSYoungGen      total 186880K, used 16765K [0x0000000795580000, 0x00000007a2100000, 0x00000007c0000000)
  eden space 169984K, 0% used [0x0000000795580000,0x0000000795580000,0x000000079fb80000)
  from space 16896K, 99% used [0x00000007a0e00000,0x00000007a1e5f730,0x00000007a1e80000)
  to   space 18944K, 0% used [0x000000079fb80000,0x000000079fb80000,0x00000007a0e00000)
 ParOldGen       total 52736K, used 26755K [0x0000000740000000, 0x0000000743380000, 0x0000000795580000)
  object space 52736K, 50% used [0x0000000740000000,0x0000000741a20ea0,0x0000000743380000)
 Metaspace       used 25102K, capacity 25489K, committed 25728K, reserved 1073152K
  class space    used 2487K, capacity 2595K, committed 2688K, reserved 1048576K
}
Event: 66.469 GC heap before
{Heap before GC invocations=12 (full 1):
 PSYoungGen      total 186880K, used 186749K [0x0000000795580000, 0x00000007a2100000, 0x00000007c0000000)
  eden space 169984K, 100% used [0x0000000795580000,0x000000079fb80000,0x000000079fb80000)
  from space 16896K, 99% used [0x00000007a0e00000,0x00000007a1e5f730,0x00000007a1e80000)
  to   space 18944K, 0% used [0x000000079fb80000,0x000000079fb80000,0x00000007a0e00000)
 ParOldGen       total 52736K, used 26755K [0x0000000740000000, 0x0000000743380000, 0x0000000795580000)
  object space 52736K, 50% used [0x0000000740000000,0x0000000741a20ea0,0x0000000743380000)
 Metaspace       used 25125K, capacity 25489K, committed 25728K, reserved 1073152K
  class space    used 2490K, capacity 2595K, committed 2688K, reserved 1048576K
Event: 66.483 GC heap after
Heap after GC invocations=12 (full 1):
 PSYoungGen      total 188928K, used 18941K [0x0000000795580000, 0x00000007a4300000, 0x00000007c0000000)
  eden space 169984K, 0% used [0x0000000795580000,0x0000000795580000,0x000000079fb80000)
  from space 18944K, 99% used [0x000000079fb80000,0x00000007a0dff7d0,0x00000007a0e00000)
  to   space 21504K, 0% used [0x00000007a2e00000,0x00000007a2e00000,0x00000007a4300000)
 ParOldGen       total 52736K, used 30091K [0x0000000740000000, 0x0000000743380000, 0x0000000795580000)
  object space 52736K, 57% used [0x0000000740000000,0x0000000741d62f70,0x0000000743380000)
 Metaspace       used 25125K, capacity 25489K, committed 25728K, reserved 1073152K
  class space    used 2490K, capacity 2595K, committed 2688K, reserved 1048576K
}

