# JRE version: Java(TM) SE Runtime Environment (8.0_144-b01) (build 1.8.0_144-b01)
# Java VM: Java HotSpot(TM) 64-Bit Server VM (25.144-b01 mixed mode bsd-amd64 compressed oops)
Heap:
 PSYoungGen      total 137216K, used 72551K [0x0000000795580000, 0x000000079ed00000, 0x00000007c0000000)
  eden space 123392K, 47% used [0x0000000795580000,0x0000000798f0a648,0x000000079ce00000)
  from space 13824K, 98% used [0x000000079df00000,0x000000079ec4f680,0x000000079ec80000)
  to   space 15872K, 0% used [0x000000079ce00000,0x000000079ce00000,0x000000079dd80000)
 ParOldGen       total 55808K, used 19450K [0x0000000740000000, 0x0000000743680000, 0x0000000795580000)
  object space 55808K, 34% used [0x0000000740000000,0x00000007412feb28,0x0000000743680000)
 Metaspace       used 25045K, capacity 25447K, committed 25728K, reserved 1073152K
  class space    used 2489K, capacity 2624K, committed 2688K, reserved 1048576K
GC Heap History (10 events):
Event: 5.400 GC heap before
{Heap before GC invocations=5 (full 1):
 PSYoungGen      total 38400K, used 33280K [0x0000000795580000, 0x000000079a080000, 0x00000007c0000000)
  eden space 33280K, 100% used [0x0000000795580000,0x0000000797600000,0x0000000797600000)
  from space 5120K, 0% used [0x0000000797600000,0x0000000797600000,0x0000000797b00000)
  to   space 5120K, 0% used [0x0000000799b80000,0x0000000799b80000,0x000000079a080000)
 ParOldGen       total 55808K, used 7393K [0x0000000740000000, 0x0000000743680000, 0x0000000795580000)
  object space 55808K, 13% used [0x0000000740000000,0x0000000740738410,0x0000000743680000)
 Metaspace       used 23897K, capacity 24277K, committed 24576K, reserved 1071104K
  class space    used 2444K, capacity 2557K, committed 2560K, reserved 1048576K
Event: 5.412 GC heap after
Heap after GC invocations=5 (full 1):
 PSYoungGen      total 59904K, used 5117K [0x0000000795580000, 0x000000079a080000, 0x00000007c0000000)
  eden space 54784K, 0% used [0x0000000795580000,0x0000000795580000,0x0000000798b00000)
  from space 5120K, 99% used [0x0000000799b80000,0x000000079a07f450,0x000000079a080000)
  to   space 5120K, 0% used [0x0000000799680000,0x0000000799680000,0x0000000799b80000)
 ParOldGen       total 55808K, used 14042K [0x0000000740000000, 0x0000000743680000, 0x0000000795580000)
  object space 55808K, 25% used [0x0000000740000000,0x0000000740db69d8,0x0000000743680000)
 Metaspace       used 23897K, capacity 24277K, committed 24576K, reserved 1071104K
  class space    used 2444K, capacity 2557K, committed 2560K, reserved 1048576K
}
Event: 9.578 GC heap before
{Heap before GC invocations=6 (full 1):
 PSYoungGen      total 59904K, used 59901K [0x0000000795580000, 0x000000079a080000, 0x00000007c0000000)
  eden space 54784K, 100% used [0x0000000795580000,0x0000000798b00000,0x0000000798b00000)
  from space 5120K, 99% used [0x0000000799b80000,0x000000079a07f450,0x000000079a080000)
  to   space 5120K, 0% used [0x0000000799680000,0x0000000799680000,0x0000000799b80000)
 ParOldGen       total 55808K, used 14042K [0x0000000740000000, 0x0000000743680000, 0x0000000795580000)
  object space 55808K, 25% used [0x0000000740000000,0x0000000740db69d8,0x0000000743680000)
 Metaspace       used 24549K, capacity 24967K, committed 25216K, reserved 1071104K
  class space    used 2479K, capacity 2592K, committed 2688K, reserved 1048576K
Event: 9.585 GC heap after
Heap after GC invocations=6 (full 1):
 PSYoungGen      total 71680K, used 5085K [0x0000000795580000, 0x000000079c280000, 0x00000007c0000000)
  eden space 66560K, 0% used [0x0000000795580000,0x0000000795580000,0x0000000799680000)
  from space 5120K, 99% used [0x0000000799680000,0x0000000799b77460,0x0000000799b80000)
  to   space 12288K, 0% used [0x000000079b680000,0x000000079b680000,0x000000079c280000)
 ParOldGen       total 55808K, used 16098K [0x0000000740000000, 0x0000000743680000, 0x0000000795580000)
  object space 55808K, 28% used [0x0000000740000000,0x0000000740fb8a58,0x0000000743680000)
 Metaspace       used 24549K, capacity 24967K, committed 25216K, reserved 1071104K
  class space    used 2479K, capacity 2592K, committed 2688K, reserved 1048576K
}
Event: 15.959 GC heap before
{Heap before GC invocations=7 (full 1):
 PSYoungGen      total 71680K, used 71496K [0x0000000795580000, 0x000000079c280000, 0x00000007c0000000)
  eden space 66560K, 99% used [0x0000000795580000,0x000000079965adb0,0x0000000799680000)
  from space 5120K, 99% used [0x0000000799680000,0x0000000799b77460,0x0000000799b80000)
  to   space 12288K, 0% used [0x000000079b680000,0x000000079b680000,0x000000079c280000)
 ParOldGen       total 55808K, used 16098K [0x0000000740000000, 0x0000000743680000, 0x0000000795580000)
  object space 55808K, 28% used [0x0000000740000000,0x0000000740fb8a58,0x0000000743680000)
 Metaspace       used 24785K, capacity 25223K, committed 25472K, reserved 1073152K
  class space    used 2480K, capacity 2592K, committed 2688K, reserved 1048576K
Event: 15.967 GC heap after
Heap after GC invocations=7 (full 1):
 PSYoungGen      total 99328K, used 8445K [0x0000000795580000, 0x000000079d080000, 0x00000007c0000000)
  eden space 87040K, 0% used [0x0000000795580000,0x0000000795580000,0x000000079aa80000)
  from space 12288K, 68% used [0x000000079b680000,0x000000079bebf560,0x000000079c280000)
  to   space 12288K, 0% used [0x000000079aa80000,0x000000079aa80000,0x000000079b680000)
 ParOldGen       total 55808K, used 16106K [0x0000000740000000, 0x0000000743680000, 0x0000000795580000)
  object space 55808K, 28% used [0x0000000740000000,0x0000000740fbaa58,0x0000000743680000)
 Metaspace       used 24785K, capacity 25223K, committed 25472K, reserved 1073152K
  class space    used 2480K, capacity 2592K, committed 2688K, reserved 1048576K
}
Event: 22.044 GC heap before
{Heap before GC invocations=8 (full 1):
 PSYoungGen      total 99328K, used 95485K [0x0000000795580000, 0x000000079d080000, 0x00000007c0000000)
  eden space 87040K, 100% used [0x0000000795580000,0x000000079aa80000,0x000000079aa80000)
  from space 12288K, 68% used [0x000000079b680000,0x000000079bebf560,0x000000079c280000)
  to   space 12288K, 0% used [0x000000079aa80000,0x000000079aa80000,0x000000079b680000)
 ParOldGen       total 55808K, used 16106K [0x0000000740000000, 0x0000000743680000, 0x0000000795580000)
  object space 55808K, 28% used [0x0000000740000000,0x0000000740fbaa58,0x0000000743680000)
 Metaspace       used 24978K, capacity 25351K, committed 25728K, reserved 1073152K
  class space    used 2481K, capacity 2592K, committed 2688K, reserved 1048576K
Event: 22.053 GC heap after
Heap after GC invocations=8 (full 1):
 PSYoungGen      total 99328K, used 11725K [0x0000000795580000, 0x000000079ec80000, 0x00000007c0000000)
  eden space 87040K, 0% used [0x0000000795580000,0x0000000795580000,0x000000079aa80000)
  from space 12288K, 95% used [0x000000079aa80000,0x000000079b5f3600,0x000000079b680000)
  to   space 13824K, 0% used [0x000000079df00000,0x000000079df00000,0x000000079ec80000)
 ParOldGen       total 55808K, used 16114K [0x0000000740000000, 0x0000000743680000, 0x0000000795580000)
  object space 55808K, 28% used [0x0000000740000000,0x0000000740fbca58,0x0000000743680000)
 Metaspace       used 24978K, capacity 25351K, committed 25728K, reserved 1073152K
  class space    used 2481K, capacity 2592K, committed 2688K, reserved 1048576K
}
Event: 26.978 GC heap before
{Heap before GC invocations=9 (full 1):
 PSYoungGen      total 99328K, used 98765K [0x0000000795580000, 0x000000079ec80000, 0x00000007c0000000)
  eden space 87040K, 100% used [0x0000000795580000,0x000000079aa80000,0x000000079aa80000)
  from space 12288K, 95% used [0x000000079aa80000,0x000000079b5f3600,0x000000079b680000)
  to   space 13824K, 0% used [0x000000079df00000,0x000000079df00000,0x000000079ec80000)
 ParOldGen       total 55808K, used 16114K [0x0000000740000000, 0x0000000743680000, 0x0000000795580000)
  object space 55808K, 28% used [0x0000000740000000,0x0000000740fbca58,0x0000000743680000)
 Metaspace       used 25007K, capacity 25415K, committed 25728K, reserved 1073152K
  class space    used 2481K, capacity 2592K, committed 2688K, reserved 1048576K
Event: 26.994 GC heap after
Heap after GC invocations=9 (full 1):
 PSYoungGen      total 137216K, used 13629K [0x0000000795580000, 0x000000079ed00000, 0x00000007c0000000)
  eden space 123392K, 0% used [0x0000000795580000,0x0000000795580000,0x000000079ce00000)
  from space 13824K, 98% used [0x000000079df00000,0x000000079ec4f680,0x000000079ec80000)
  to   space 15872K, 0% used [0x000000079ce00000,0x000000079ce00000,0x000000079dd80000)
 ParOldGen       total 55808K, used 19450K [0x0000000740000000, 0x0000000743680000, 0x0000000795580000)
  object space 55808K, 34% used [0x0000000740000000,0x00000007412feb28,0x0000000743680000)
 Metaspace       used 25007K, capacity 25415K, committed 25728K, reserved 1073152K
  class space    used 2481K, capacity 2592K, committed 2688K, reserved 1048576K
}

