# JRE version: Java(TM) SE Runtime Environment (8.0_144-b01) (build 1.8.0_144-b01)
# Java VM: Java HotSpot(TM) 64-Bit Server VM (25.144-b01 mixed mode bsd-amd64 compressed oops)
Heap:
 PSYoungGen      total 166912K, used 125789K [0x0000000795580000, 0x00000007a3380000, 0x00000007c0000000)
  eden space 156672K, 73% used [0x0000000795580000,0x000000079c687478,0x000000079ee80000)
  from space 10240K, 98% used [0x00000007a2980000,0x00000007a33502b0,0x00000007a3380000)
  to   space 15360K, 0% used [0x00000007a1580000,0x00000007a1580000,0x00000007a2480000)
 ParOldGen       total 52736K, used 26129K [0x0000000740000000, 0x0000000743380000, 0x0000000795580000)
  object space 52736K, 49% used [0x0000000740000000,0x0000000741984418,0x0000000743380000)
 Metaspace       used 24907K, capacity 25345K, committed 25728K, reserved 1073152K
  class space    used 2463K, capacity 2593K, committed 2688K, reserved 1048576K
GC Heap History (10 events):
Event: 43.092 GC heap before
{Heap before GC invocations=11 (full 1):
 PSYoungGen      total 161280K, used 153664K [0x0000000795580000, 0x00000007a2900000, 0x00000007c0000000)
  eden space 143360K, 100% used [0x0000000795580000,0x000000079e180000,0x000000079e180000)
  from space 17920K, 57% used [0x000000079e180000,0x000000079eb90270,0x000000079f300000)
  to   space 17408K, 0% used [0x00000007a1800000,0x00000007a1800000,0x00000007a2900000)
 ParOldGen       total 52736K, used 25088K [0x0000000740000000, 0x0000000743380000, 0x0000000795580000)
  object space 52736K, 47% used [0x0000000740000000,0x00000007418803d8,0x0000000743380000)
 Metaspace       used 24876K, capacity 25249K, committed 25472K, reserved 1073152K
  class space    used 2456K, capacity 2561K, committed 2688K, reserved 1048576K
Event: 43.100 GC heap after
Heap after GC invocations=11 (full 1):
 PSYoungGen      total 186880K, used 10336K [0x0000000795580000, 0x00000007a2280000, 0x00000007c0000000)
  eden space 176128K, 0% used [0x0000000795580000,0x0000000795580000,0x00000007a0180000)
  from space 10752K, 96% used [0x00000007a1800000,0x00000007a2218270,0x00000007a2280000)
  to   space 16896K, 0% used [0x00000007a0180000,0x00000007a0180000,0x00000007a1200000)
 ParOldGen       total 52736K, used 25096K [0x0000000740000000, 0x0000000743380000, 0x0000000795580000)
  object space 52736K, 47% used [0x0000000740000000,0x00000007418823d8,0x0000000743380000)
 Metaspace       used 24876K, capacity 25249K, committed 25472K, reserved 1073152K
  class space    used 2456K, capacity 2561K, committed 2688K, reserved 1048576K
}
Event: 56.268 GC heap before
{Heap before GC invocations=12 (full 1):
 PSYoungGen      total 186880K, used 186464K [0x0000000795580000, 0x00000007a2280000, 0x00000007c0000000)
  eden space 176128K, 100% used [0x0000000795580000,0x00000007a0180000,0x00000007a0180000)
  from space 10752K, 96% used [0x00000007a1800000,0x00000007a2218270,0x00000007a2280000)
  to   space 16896K, 0% used [0x00000007a0180000,0x00000007a0180000,0x00000007a1200000)
 ParOldGen       total 52736K, used 25096K [0x0000000740000000, 0x0000000743380000, 0x0000000795580000)
  object space 52736K, 47% used [0x0000000740000000,0x00000007418823d8,0x0000000743380000)
 Metaspace       used 24876K, capacity 25249K, committed 25472K, reserved 1073152K
  class space    used 2456K, capacity 2561K, committed 2688K, reserved 1048576K
Event: 56.276 GC heap after
Heap after GC invocations=12 (full 1):
 PSYoungGen      total 193024K, used 10432K [0x0000000795580000, 0x00000007a4300000, 0x00000007c0000000)
  eden space 176128K, 0% used [0x0000000795580000,0x0000000795580000,0x00000007a0180000)
  from space 16896K, 61% used [0x00000007a0180000,0x00000007a0bb0270,0x00000007a1200000)
  to   space 16384K, 0% used [0x00000007a3300000,0x00000007a3300000,0x00000007a4300000)
 ParOldGen       total 52736K, used 25104K [0x0000000740000000, 0x0000000743380000, 0x0000000795580000)
  object space 52736K, 47% used [0x0000000740000000,0x00000007418843d8,0x0000000743380000)
 Metaspace       used 24876K, capacity 25249K, committed 25472K, reserved 1073152K
  class space    used 2456K, capacity 2561K, committed 2688K, reserved 1048576K
}
Event: 69.429 GC heap before
{Heap before GC invocations=13 (full 1):
 PSYoungGen      total 193024K, used 186560K [0x0000000795580000, 0x00000007a4300000, 0x00000007c0000000)
  eden space 176128K, 100% used [0x0000000795580000,0x00000007a0180000,0x00000007a0180000)
  from space 16896K, 61% used [0x00000007a0180000,0x00000007a0bb0270,0x00000007a1200000)
  to   space 16384K, 0% used [0x00000007a3300000,0x00000007a3300000,0x00000007a4300000)
 ParOldGen       total 52736K, used 25104K [0x0000000740000000, 0x0000000743380000, 0x0000000795580000)
  object space 52736K, 47% used [0x0000000740000000,0x00000007418843d8,0x0000000743380000)
 Metaspace       used 24878K, capacity 25249K, committed 25472K, reserved 1073152K
  class space    used 2456K, capacity 2561K, committed 2688K, reserved 1048576K
Event: 69.435 GC heap after
Heap after GC invocations=13 (full 1):
 PSYoungGen      total 180224K, used 10432K [0x0000000795580000, 0x00000007a3d80000, 0x00000007c0000000)
  eden space 169472K, 0% used [0x0000000795580000,0x0000000795580000,0x000000079fb00000)
  from space 10752K, 97% used [0x00000007a3300000,0x00000007a3d30270,0x00000007a3d80000)
  to   space 15872K, 0% used [0x00000007a1e80000,0x00000007a1e80000,0x00000007a2e00000)
 ParOldGen       total 52736K, used 25104K [0x0000000740000000, 0x0000000743380000, 0x0000000795580000)
  object space 52736K, 47% used [0x0000000740000000,0x00000007418843d8,0x0000000743380000)
 Metaspace       used 24878K, capacity 25249K, committed 25472K, reserved 1073152K
  class space    used 2456K, capacity 2561K, committed 2688K, reserved 1048576K
}
Event: 81.175 GC heap before
{Heap before GC invocations=14 (full 1):
 PSYoungGen      total 180224K, used 179904K [0x0000000795580000, 0x00000007a3d80000, 0x00000007c0000000)
  eden space 169472K, 100% used [0x0000000795580000,0x000000079fb00000,0x000000079fb00000)
  from space 10752K, 97% used [0x00000007a3300000,0x00000007a3d30270,0x00000007a3d80000)
  to   space 15872K, 0% used [0x00000007a1e80000,0x00000007a1e80000,0x00000007a2e00000)
 ParOldGen       total 52736K, used 25104K [0x0000000740000000, 0x0000000743380000, 0x0000000795580000)
  object space 52736K, 47% used [0x0000000740000000,0x00000007418843d8,0x0000000743380000)
 Metaspace       used 24878K, capacity 25249K, committed 25472K, reserved 1073152K
  class space    used 2456K, capacity 2561K, committed 2688K, reserved 1048576K
Event: 81.181 GC heap after
Heap after GC invocations=14 (full 1):
 PSYoungGen      total 174080K, used 11008K [0x0000000795580000, 0x00000007a3380000, 0x00000007c0000000)
  eden space 162816K, 0% used [0x0000000795580000,0x0000000795580000,0x000000079f480000)
  from space 11264K, 97% used [0x00000007a1e80000,0x00000007a29402f0,0x00000007a2980000)
  to   space 10240K, 0% used [0x00000007a2980000,0x00000007a2980000,0x00000007a3380000)
 ParOldGen       total 52736K, used 25104K [0x0000000740000000, 0x0000000743380000, 0x0000000795580000)
  object space 52736K, 47% used [0x0000000740000000,0x00000007418843d8,0x0000000743380000)
 Metaspace       used 24878K, capacity 25249K, committed 25472K, reserved 1073152K
  class space    used 2456K, capacity 2561K, committed 2688K, reserved 1048576K
}
Event: 92.632 GC heap before
{Heap before GC invocations=15 (full 1):
 PSYoungGen      total 174080K, used 173824K [0x0000000795580000, 0x00000007a3380000, 0x00000007c0000000)
  eden space 162816K, 100% used [0x0000000795580000,0x000000079f480000,0x000000079f480000)
  from space 11264K, 97% used [0x00000007a1e80000,0x00000007a29402f0,0x00000007a2980000)
  to   space 10240K, 0% used [0x00000007a2980000,0x00000007a2980000,0x00000007a3380000)
 ParOldGen       total 52736K, used 25104K [0x0000000740000000, 0x0000000743380000, 0x0000000795580000)
  object space 52736K, 47% used [0x0000000740000000,0x00000007418843d8,0x0000000743380000)
 Metaspace       used 24878K, capacity 25249K, committed 25472K, reserved 1073152K
  class space    used 2456K, capacity 2561K, committed 2688K, reserved 1048576K
Event: 92.638 GC heap after
Heap after GC invocations=15 (full 1):
 PSYoungGen      total 166912K, used 10048K [0x0000000795580000, 0x00000007a3380000, 0x00000007c0000000)
  eden space 156672K, 0% used [0x0000000795580000,0x0000000795580000,0x000000079ee80000)
  from space 10240K, 98% used [0x00000007a2980000,0x00000007a33502b0,0x00000007a3380000)
  to   space 15360K, 0% used [0x00000007a1580000,0x00000007a1580000,0x00000007a2480000)
 ParOldGen       total 52736K, used 26129K [0x0000000740000000, 0x0000000743380000, 0x0000000795580000)
  object space 52736K, 49% used [0x0000000740000000,0x0000000741984418,0x0000000743380000)
 Metaspace       used 24878K, capacity 25249K, committed 25472K, reserved 1073152K
  class space    used 2456K, capacity 2561K, committed 2688K, reserved 1048576K
}

