# JRE version: Java(TM) SE Runtime Environment (8.0_144-b01) (build 1.8.0_144-b01)
# Java VM: Java HotSpot(TM) 64-Bit Server VM (25.144-b01 mixed mode bsd-amd64 compressed oops)
Heap:
 PSYoungGen      total 112640K, used 92548K [0x0000000795580000, 0x00000007a1c00000, 0x00000007c0000000)
  eden space 100352K, 79% used [0x0000000795580000,0x000000079a3e5ca8,0x000000079b780000)
  from space 12288K, 99% used [0x000000079b780000,0x000000079c37b670,0x000000079c380000)
  to   space 20992K, 0% used [0x00000007a0780000,0x00000007a0780000,0x00000007a1c00000)
 ParOldGen       total 51200K, used 30131K [0x0000000740000000, 0x0000000743200000, 0x0000000795580000)
  object space 51200K, 58% used [0x0000000740000000,0x0000000741d6cd90,0x0000000743200000)
 Metaspace       used 25128K, capacity 25533K, committed 25728K, reserved 1073152K
  class space    used 2492K, capacity 2595K, committed 2688K, reserved 1048576K
GC Heap History (10 events):
Event: 4.301 GC heap before
{Heap before GC invocations=4 (full 1):
 PSYoungGen      total 38400K, used 5089K [0x0000000795580000, 0x000000079a080000, 0x00000007c0000000)
  eden space 33280K, 0% used [0x0000000795580000,0x0000000795580000,0x0000000797600000)
  from space 5120K, 99% used [0x0000000797600000,0x0000000797af87a0,0x0000000797b00000)
  to   space 5120K, 0% used [0x0000000799b80000,0x0000000799b80000,0x000000079a080000)
 ParOldGen       total 87552K, used 3503K [0x0000000740000000, 0x0000000745580000, 0x0000000795580000)
  object space 87552K, 4% used [0x0000000740000000,0x000000074036bdf0,0x0000000745580000)
 Metaspace       used 20808K, capacity 21205K, committed 21248K, reserved 1069056K
  class space    used 2165K, capacity 2293K, committed 2304K, reserved 1048576K
Event: 4.336 GC heap after
Heap after GC invocations=4 (full 1):
 PSYoungGen      total 38400K, used 0K [0x0000000795580000, 0x000000079a080000, 0x00000007c0000000)
  eden space 33280K, 0% used [0x0000000795580000,0x0000000795580000,0x0000000797600000)
  from space 5120K, 0% used [0x0000000797600000,0x0000000797600000,0x0000000797b00000)
  to   space 5120K, 0% used [0x0000000799b80000,0x0000000799b80000,0x000000079a080000)
 ParOldGen       total 51200K, used 7370K [0x0000000740000000, 0x0000000743200000, 0x0000000795580000)
  object space 51200K, 14% used [0x0000000740000000,0x0000000740732908,0x0000000743200000)
 Metaspace       used 20808K, capacity 21205K, committed 21248K, reserved 1069056K
  class space    used 2165K, capacity 2293K, committed 2304K, reserved 1048576K
}
Event: 5.277 GC heap before
{Heap before GC invocations=5 (full 1):
 PSYoungGen      total 38400K, used 33065K [0x0000000795580000, 0x000000079a080000, 0x00000007c0000000)
  eden space 33280K, 99% used [0x0000000795580000,0x00000007975ca7e0,0x0000000797600000)
  from space 5120K, 0% used [0x0000000797600000,0x0000000797600000,0x0000000797b00000)
  to   space 5120K, 0% used [0x0000000799b80000,0x0000000799b80000,0x000000079a080000)
 ParOldGen       total 51200K, used 7370K [0x0000000740000000, 0x0000000743200000, 0x0000000795580000)
  object space 51200K, 14% used [0x0000000740000000,0x0000000740732908,0x0000000743200000)
 Metaspace       used 23870K, capacity 24267K, committed 24576K, reserved 1071104K
  class space    used 2447K, capacity 2560K, committed 2560K, reserved 1048576K
Event: 5.287 GC heap after
Heap after GC invocations=5 (full 1):
 PSYoungGen      total 63488K, used 5117K [0x0000000795580000, 0x000000079a080000, 0x00000007c0000000)
  eden space 58368K, 0% used [0x0000000795580000,0x0000000795580000,0x0000000798e80000)
  from space 5120K, 99% used [0x0000000799b80000,0x000000079a07f480,0x000000079a080000)
  to   space 5120K, 0% used [0x0000000799680000,0x0000000799680000,0x0000000799b80000)
 ParOldGen       total 51200K, used 14938K [0x0000000740000000, 0x0000000743200000, 0x0000000795580000)
  object space 51200K, 29% used [0x0000000740000000,0x0000000740e969e0,0x0000000743200000)
 Metaspace       used 23870K, capacity 24267K, committed 24576K, reserved 1071104K
  class space    used 2447K, capacity 2560K, committed 2560K, reserved 1048576K
}
Event: 9.383 GC heap before
{Heap before GC invocations=6 (full 1):
 PSYoungGen      total 63488K, used 63485K [0x0000000795580000, 0x000000079a080000, 0x00000007c0000000)
  eden space 58368K, 100% used [0x0000000795580000,0x0000000798e80000,0x0000000798e80000)
  from space 5120K, 99% used [0x0000000799b80000,0x000000079a07f480,0x000000079a080000)
  to   space 5120K, 0% used [0x0000000799680000,0x0000000799680000,0x0000000799b80000)
 ParOldGen       total 51200K, used 14938K [0x0000000740000000, 0x0000000743200000, 0x0000000795580000)
  object space 51200K, 29% used [0x0000000740000000,0x0000000740e969e0,0x0000000743200000)
 Metaspace       used 24564K, capacity 24957K, committed 25216K, reserved 1071104K
  class space    used 2483K, capacity 2595K, committed 2688K, reserved 1048576K
Event: 9.389 GC heap after
Heap after GC invocations=6 (full 1):
 PSYoungGen      total 71680K, used 5037K [0x0000000795580000, 0x000000079d080000, 0x00000007c0000000)
  eden space 66560K, 0% used [0x0000000795580000,0x0000000795580000,0x0000000799680000)
  from space 5120K, 98% used [0x0000000799680000,0x0000000799b6b480,0x0000000799b80000)
  to   space 13312K, 0% used [0x000000079c380000,0x000000079c380000,0x000000079d080000)
 ParOldGen       total 51200K, used 16226K [0x0000000740000000, 0x0000000743200000, 0x0000000795580000)
  object space 51200K, 31% used [0x0000000740000000,0x0000000740fd8a30,0x0000000743200000)
 Metaspace       used 24564K, capacity 24957K, committed 25216K, reserved 1071104K
  class space    used 2483K, capacity 2595K, committed 2688K, reserved 1048576K
}
Event: 16.622 GC heap before
{Heap before GC invocations=7 (full 1):
 PSYoungGen      total 71680K, used 71597K [0x0000000795580000, 0x000000079d080000, 0x00000007c0000000)
  eden space 66560K, 100% used [0x0000000795580000,0x0000000799680000,0x0000000799680000)
  from space 5120K, 98% used [0x0000000799680000,0x0000000799b6b480,0x0000000799b80000)
  to   space 13312K, 0% used [0x000000079c380000,0x000000079c380000,0x000000079d080000)
 ParOldGen       total 51200K, used 16226K [0x0000000740000000, 0x0000000743200000, 0x0000000795580000)
  object space 51200K, 31% used [0x0000000740000000,0x0000000740fd8a30,0x0000000743200000)
 Metaspace       used 24948K, capacity 25341K, committed 25728K, reserved 1073152K
  class space    used 2484K, capacity 2595K, committed 2688K, reserved 1048576K
Event: 16.627 GC heap after
Heap after GC invocations=7 (full 1):
 PSYoungGen      total 113664K, used 6365K [0x0000000795580000, 0x000000079d800000, 0x00000007c0000000)
  eden space 100352K, 0% used [0x0000000795580000,0x0000000795580000,0x000000079b780000)
  from space 13312K, 47% used [0x000000079c380000,0x000000079c9b74e0,0x000000079d080000)
  to   space 12288K, 0% used [0x000000079b780000,0x000000079b780000,0x000000079c380000)
 ParOldGen       total 51200K, used 16234K [0x0000000740000000, 0x0000000743200000, 0x0000000795580000)
  object space 51200K, 31% used [0x0000000740000000,0x0000000740fdaa30,0x0000000743200000)
 Metaspace       used 24948K, capacity 25341K, committed 25728K, reserved 1073152K
  class space    used 2484K, capacity 2595K, committed 2688K, reserved 1048576K
}
Event: 18.842 GC heap before
{Heap before GC invocations=8 (full 1):
 PSYoungGen      total 113664K, used 106717K [0x0000000795580000, 0x000000079d800000, 0x00000007c0000000)
  eden space 100352K, 100% used [0x0000000795580000,0x000000079b780000,0x000000079b780000)
  from space 13312K, 47% used [0x000000079c380000,0x000000079c9b74e0,0x000000079d080000)
  to   space 12288K, 0% used [0x000000079b780000,0x000000079b780000,0x000000079c380000)
 ParOldGen       total 51200K, used 16234K [0x0000000740000000, 0x0000000743200000, 0x0000000795580000)
  object space 51200K, 31% used [0x0000000740000000,0x0000000740fdaa30,0x0000000743200000)
 Metaspace       used 25076K, capacity 25469K, committed 25728K, reserved 1073152K
  class space    used 2484K, capacity 2595K, committed 2688K, reserved 1048576K
Event: 18.857 GC heap after
Heap after GC invocations=8 (full 1):
 PSYoungGen      total 112640K, used 12269K [0x0000000795580000, 0x00000007a1c00000, 0x00000007c0000000)
  eden space 100352K, 0% used [0x0000000795580000,0x0000000795580000,0x000000079b780000)
  from space 12288K, 99% used [0x000000079b780000,0x000000079c37b670,0x000000079c380000)
  to   space 20992K, 0% used [0x00000007a0780000,0x00000007a0780000,0x00000007a1c00000)
 ParOldGen       total 51200K, used 30131K [0x0000000740000000, 0x0000000743200000, 0x0000000795580000)
  object space 51200K, 58% used [0x0000000740000000,0x0000000741d6cd90,0x0000000743200000)
 Metaspace       used 25076K, capacity 25469K, committed 25728K, reserved 1073152K
  class space    used 2484K, capacity 2595K, committed 2688K, reserved 1048576K
}

