# JRE version: Java(TM) SE Runtime Environment (8.0_144-b01) (build 1.8.0_144-b01)
# Java VM: Java HotSpot(TM) 64-Bit Server VM (25.144-b01 mixed mode bsd-amd64 compressed oops)
Heap:
 PSYoungGen      total 38400K, used 18223K [0x0000000795580000, 0x0000000798000000, 0x00000007c0000000)
  eden space 33280K, 54% used [0x0000000795580000,0x000000079674bf28,0x0000000797600000)
  from space 5120K, 0% used [0x0000000797600000,0x0000000797600000,0x0000000797b00000)
  to   space 5120K, 0% used [0x0000000797b00000,0x0000000797b00000,0x0000000798000000)
 ParOldGen       total 73216K, used 16622K [0x0000000740000000, 0x0000000744780000, 0x0000000795580000)
  object space 73216K, 22% used [0x0000000740000000,0x000000074103bb30,0x0000000744780000)
 Metaspace       used 21055K, capacity 21361K, committed 21504K, reserved 1069056K
  class space    used 2113K, capacity 2219K, committed 2304K, reserved 1048576K
GC Heap History (8 events):
Event: 3.242 GC heap before
{Heap before GC invocations=1 (full 0):
 PSYoungGen      total 38400K, used 33280K [0x0000000795580000, 0x0000000798000000, 0x00000007c0000000)
  eden space 33280K, 100% used [0x0000000795580000,0x0000000797600000,0x0000000797600000)
  from space 5120K, 0% used [0x0000000797b00000,0x0000000797b00000,0x0000000798000000)
  to   space 5120K, 0% used [0x0000000797600000,0x0000000797600000,0x0000000797b00000)
 ParOldGen       total 87552K, used 0K [0x0000000740000000, 0x0000000745580000, 0x0000000795580000)
  object space 87552K, 0% used [0x0000000740000000,0x0000000740000000,0x0000000745580000)
 Metaspace       used 15862K, capacity 16209K, committed 16384K, reserved 1064960K
  class space    used 1629K, capacity 1727K, committed 1792K, reserved 1048576K
Event: 3.250 GC heap after
Heap after GC invocations=1 (full 0):
 PSYoungGen      total 38400K, used 4940K [0x0000000795580000, 0x0000000798000000, 0x00000007c0000000)
  eden space 33280K, 0% used [0x0000000795580000,0x0000000795580000,0x0000000797600000)
  from space 5120K, 96% used [0x0000000797600000,0x0000000797ad31b8,0x0000000797b00000)
  to   space 5120K, 0% used [0x0000000797b00000,0x0000000797b00000,0x0000000798000000)
 ParOldGen       total 87552K, used 16K [0x0000000740000000, 0x0000000745580000, 0x0000000795580000)
  object space 87552K, 0% used [0x0000000740000000,0x0000000740004000,0x0000000745580000)
 Metaspace       used 15862K, capacity 16209K, committed 16384K, reserved 1064960K
  class space    used 1629K, capacity 1727K, committed 1792K, reserved 1048576K
}
Event: 4.439 GC heap before
{Heap before GC invocations=2 (full 0):
 PSYoungGen      total 38400K, used 38220K [0x0000000795580000, 0x0000000798000000, 0x00000007c0000000)
  eden space 33280K, 100% used [0x0000000795580000,0x0000000797600000,0x0000000797600000)
  from space 5120K, 96% used [0x0000000797600000,0x0000000797ad31b8,0x0000000797b00000)
  to   space 5120K, 0% used [0x0000000797b00000,0x0000000797b00000,0x0000000798000000)
 ParOldGen       total 87552K, used 16K [0x0000000740000000, 0x0000000745580000, 0x0000000795580000)
  object space 87552K, 0% used [0x0000000740000000,0x0000000740004000,0x0000000745580000)
 Metaspace       used 19697K, capacity 20013K, committed 20096K, reserved 1067008K
  class space    used 2031K, capacity 2117K, committed 2176K, reserved 1048576K
Event: 4.456 GC heap after
Heap after GC invocations=2 (full 0):
 PSYoungGen      total 38400K, used 5118K [0x0000000795580000, 0x0000000798000000, 0x00000007c0000000)
  eden space 33280K, 0% used [0x0000000795580000,0x0000000795580000,0x0000000797600000)
  from space 5120K, 99% used [0x0000000797b00000,0x0000000797fffba0,0x0000000798000000)
  to   space 5120K, 0% used [0x0000000797600000,0x0000000797600000,0x0000000797b00000)
 ParOldGen       total 87552K, used 7920K [0x0000000740000000, 0x0000000745580000, 0x0000000795580000)
  object space 87552K, 9% used [0x0000000740000000,0x00000007407bc1c0,0x0000000745580000)
 Metaspace       used 19697K, capacity 20013K, committed 20096K, reserved 1067008K
  class space    used 2031K, capacity 2117K, committed 2176K, reserved 1048576K
}
Event: 5.220 GC heap before
{Heap before GC invocations=3 (full 0):
 PSYoungGen      total 38400K, used 28963K [0x0000000795580000, 0x0000000798000000, 0x00000007c0000000)
  eden space 33280K, 71% used [0x0000000795580000,0x0000000796cc91d0,0x0000000797600000)
  from space 5120K, 99% used [0x0000000797b00000,0x0000000797fffba0,0x0000000798000000)
  to   space 5120K, 0% used [0x0000000797600000,0x0000000797600000,0x0000000797b00000)
 ParOldGen       total 87552K, used 7920K [0x0000000740000000, 0x0000000745580000, 0x0000000795580000)
  object space 87552K, 9% used [0x0000000740000000,0x00000007407bc1c0,0x0000000745580000)
 Metaspace       used 20768K, capacity 21127K, committed 21248K, reserved 1069056K
  class space    used 2109K, capacity 2226K, committed 2304K, reserved 1048576K
Event: 5.229 GC heap after
Heap after GC invocations=3 (full 0):
 PSYoungGen      total 38400K, used 5117K [0x0000000795580000, 0x0000000798000000, 0x00000007c0000000)
  eden space 33280K, 0% used [0x0000000795580000,0x0000000795580000,0x0000000797600000)
  from space 5120K, 99% used [0x0000000797600000,0x0000000797aff450,0x0000000797b00000)
  to   space 5120K, 0% used [0x0000000797b00000,0x0000000797b00000,0x0000000798000000)
 ParOldGen       total 87552K, used 12472K [0x0000000740000000, 0x0000000745580000, 0x0000000795580000)
  object space 87552K, 14% used [0x0000000740000000,0x0000000740c2e260,0x0000000745580000)
 Metaspace       used 20768K, capacity 21127K, committed 21248K, reserved 1069056K
  class space    used 2109K, capacity 2226K, committed 2304K, reserved 1048576K
}
Event: 5.229 GC heap before
{Heap before GC invocations=4 (full 1):
 PSYoungGen      total 38400K, used 5117K [0x0000000795580000, 0x0000000798000000, 0x00000007c0000000)
  eden space 33280K, 0% used [0x0000000795580000,0x0000000795580000,0x0000000797600000)
  from space 5120K, 99% used [0x0000000797600000,0x0000000797aff450,0x0000000797b00000)
  to   space 5120K, 0% used [0x0000000797b00000,0x0000000797b00000,0x0000000798000000)
 ParOldGen       total 87552K, used 12472K [0x0000000740000000, 0x0000000745580000, 0x0000000795580000)
  object space 87552K, 14% used [0x0000000740000000,0x0000000740c2e260,0x0000000745580000)
 Metaspace       used 20768K, capacity 21127K, committed 21248K, reserved 1069056K
  class space    used 2109K, capacity 2226K, committed 2304K, reserved 1048576K
Event: 5.264 GC heap after
Heap after GC invocations=4 (full 1):
 PSYoungGen      total 38400K, used 0K [0x0000000795580000, 0x0000000798000000, 0x00000007c0000000)
  eden space 33280K, 0% used [0x0000000795580000,0x0000000795580000,0x0000000797600000)
  from space 5120K, 0% used [0x0000000797600000,0x0000000797600000,0x0000000797b00000)
  to   space 5120K, 0% used [0x0000000797b00000,0x0000000797b00000,0x0000000798000000)
 ParOldGen       total 73216K, used 16622K [0x0000000740000000, 0x0000000744780000, 0x0000000795580000)
  object space 73216K, 22% used [0x0000000740000000,0x000000074103bb30,0x0000000744780000)
 Metaspace       used 20756K, capacity 21099K, committed 21248K, reserved 1069056K
  class space    used 2104K, capacity 2218K, committed 2304K, reserved 1048576K
}

